

*+*+*+*+*+*+*+*+*+*+*+*+*+*+*

RESTART 20211015-045741

*+*+*+*+*+*+*+*+*+*+*+*+*+*+*


Ready!
[ 'bumpbots', 'bumpers', 'qotd_activity', 'qotds', 'qotd_scores' ]
Setting application command permissions on 888779192592896130 avatar
Setting application command permissions on 888779192592896131 joke
Setting application command permissions on 888779192592896132 define
Setting application command permissions on 888779192592896133 moderate
Setting application command permissions on 889643708650254346 readme
DISBOARD in sync (0 difference)

__Newcomers reminder and exclusion.__

AbyssSolid --> reminded : 4.5 days.
Hanno --> reminded : 3.3 days.
mmmmm --> reminded : 2.7 days.
Ryft YT --> reminded : 3.1 days.
robert. --> reminded : 4.0 days.
Hendrick --> waiting : 0.7 days.

* Indicates that the member wrote a message in #landing-zone.
+ Indicates that the member is muted.
# Indicates that the member was previously a verified member.
__Landing zone message cleanup__
Message by <@523463175216300042> "<@898166727710502942> hello! can you answer the ab"
- is from a moderator - check mentions:


*+*+*+*+*+*+*+*+*+*+*+*+*+*+*

RESTART 20211015-045826

*+*+*+*+*+*+*+*+*+*+*+*+*+*+*


Ready!
[ 'bumpbots', 'bumpers', 'qotd_activity', 'qotds', 'qotd_scores' ]
Setting application command permissions on 888779192592896130 avatar
Setting application command permissions on 888779192592896131 joke
Setting application command permissions on 888779192592896132 define
Setting application command permissions on 888779192592896133 moderate
Setting application command permissions on 889643708650254346 readme
DISBOARD in sync (0 difference)

__Newcomers reminder and exclusion.__

AbyssSolid --> reminded : 4.5 days.
Hanno --> reminded : 3.3 days.
mmmmm --> reminded : 2.7 days.
Ryft YT --> reminded : 3.1 days.
robert. --> reminded : 4.0 days.
Hendrick --> waiting : 0.7 days.

* Indicates that the member wrote a message in #landing-zone.
+ Indicates that the member is muted.
# Indicates that the member was previously a verified member.
__Landing zone message cleanup__
Message by <@523463175216300042> "<@898166727710502942> hello! can you answer the ab"
- is from a moderator - check mentions:
qotd countdown days -0.25488936342592594
qotd countdown days -0.2555838078703704


*+*+*+*+*+*+*+*+*+*+*+*+*+*+*

RESTART 20211015-050133

*+*+*+*+*+*+*+*+*+*+*+*+*+*+*


Ready!
[ 'bumpbots', 'bumpers', 'qotd_activity', 'qotds', 'qotd_scores' ]
Setting application command permissions on 888779192592896130 avatar
Setting application command permissions on 888779192592896131 joke
Setting application command permissions on 888779192592896132 define
Setting application command permissions on 888779192592896133 moderate
Setting application command permissions on 889643708650254346 readme
qotd countdown days -0.2563637847222222

__Newcomers reminder and exclusion.__

AbyssSolid --> reminded : 4.5 days.
Hanno --> reminded : 3.3 days.
mmmmm --> reminded : 2.7 days.
Ryft YT --> reminded : 3.1 days.
robert. --> reminded : 4.0 days.
Hendrick --> waiting : 0.7 days.

* Indicates that the member wrote a message in #landing-zone.
+ Indicates that the member is muted.
# Indicates that the member was previously a verified member.
DISBOARD in sync (0 difference)
GUILD_TEXT : chat-general
Jalendu: 
MessageEmbed {
  type: 'rich',
  title: null,
  description: 'Question of the Week <@&897259252031291464>',
  url: null,
  color: 2830213,
  timestamp: null,
  fields: [
    {
      value: '```Have you ever experenced lucid dreaming? Do you have or know a practice that can cause lucid dreaming? If you could lucid dream, what would you do in your dream?```',
      name: '​',
      inline: false
    }
  ],
  thumbnail: null,
  image: null,
  video: null,
  author: null,
  provider: null,
  footer: null
}
__Landing zone message cleanup__
Message by <@523463175216300042> "<@898166727710502942> hello! can you answer the ab"
- is from a moderator - check mentions:


*+*+*+*+*+*+*+*+*+*+*+*+*+*+*

RESTART 20211015-051013

*+*+*+*+*+*+*+*+*+*+*+*+*+*+*


Ready!
[ 'bumpbots', 'bumpers', 'qotd_activity', 'qotds', 'qotd_scores' ]
Setting application command permissions on 888779192592896130 avatar
Setting application command permissions on 888779192592896131 joke
Setting application command permissions on 888779192592896132 define
Setting application command permissions on 888779192592896133 moderate
Setting application command permissions on 889643708650254346 readme
qotd countdown days 6.993986412037037
DISBOARD in sync (0 difference)

__Newcomers reminder and exclusion.__

AbyssSolid --> reminded : 4.5 days.
Hanno --> reminded : 3.3 days.
mmmmm --> reminded : 2.7 days.
Ryft YT --> reminded : 3.1 days.
robert. --> reminded : 4.0 days.
Hendrick --> waiting : 0.7 days.

* Indicates that the member wrote a message in #landing-zone.
+ Indicates that the member is muted.
# Indicates that the member was previously a verified member.
__Landing zone message cleanup__
Message by <@523463175216300042> "<@898166727710502942> hello! can you answer the ab"
- is from a moderator - check mentions:
Please wait another 59 minutes to bump DISBOARD :drool:
Please wait another 49 minutes to bump DISBOARD :drool:
Please wait another 39 minutes to bump DISBOARD :drool:
qotd countdown days 6.97315306712963
Please wait another 29 minutes to bump DISBOARD :drool:
Please wait another 19 minutes to bump DISBOARD :drool:


*+*+*+*+*+*+*+*+*+*+*+*+*+*+*

RESTART 20211015-195425

*+*+*+*+*+*+*+*+*+*+*+*+*+*+*


Ready!
[ 'bumpbots', 'bumpers', 'qotd_activity', 'qotds', 'qotd_scores' ]
Setting application command permissions on 888779192592896130 avatar
Setting application command permissions on 888779192592896131 joke
Setting application command permissions on 888779192592896132 define
Setting application command permissions on 888779192592896133 moderate
Setting application command permissions on 889643708650254346 readme
qotd countdown days 6.379952175925926

__Newcomers reminder and exclusion.__

AbyssSolid --> reminded : 5.2 days.
Hanno --> reminded : 3.9 days.
mmmmm --> reminded : 3.4 days.
Ryft YT --> reminded : 3.7 days.
robert. --> reminded : 4.6 days.
Hendrick --> waiting : 1.4 days.

* Indicates that the member wrote a message in #landing-zone.
+ Indicates that the member is muted.
# Indicates that the member was previously a verified member.
DISBOARD in sync (0 difference)
__Landing zone message cleanup__
Message by <@523463175216300042> "<@898166727710502942> hello! can you answer the ab"
- is from a moderator - check mentions:
Please wait another 107 minutes to bump DISBOARD :drool:
Please wait another 97 minutes to bump DISBOARD :drool:
Please wait another 87 minutes to bump DISBOARD :drool:
qotd countdown days 6.359118842592593
Please wait another 77 minutes to bump DISBOARD :drool:
Please wait another 67 minutes to bump DISBOARD :drool:
Please wait another 57 minutes to bump DISBOARD :drool:
qotd countdown days 6.33828550925926
GUILD_TEXT : chat-general
marq_andrew: There are also a few Yoga Nidra meditations on Insight Timer by Lobsang Tenpa. He has the "Queer Practice: Integratinig Our Experience" talk.
Please wait another 47 minutes to bump DISBOARD :drool:
GUILD_TEXT : video-channel-logging
Jalendu: ```Voice session in nsfw-nude-meditation-room has ended.
Member        Joined    Duration  Camera  %
JohnBee#5659  20:39:11  31:23     31:21   99.88%```
Please wait another 37 minutes to bump DISBOARD :drool:
Please wait another 27 minutes to bump DISBOARD :drool:
qotd countdown days 6.3174521643518515
Please wait another 17 minutes to bump DISBOARD :drool:
GUILD_TEXT : chat-general
marq_andrew: Though I thought Yoga Nidra was where you are actually asleep but consciously doing something. So yogis can continue to meditate (and I suppose do other things in dreams) while they are asleep.
GUILD_TEXT : chat-general
marq_andrew: But the Yoga Nidra exercises I've seen on Insight Timer and YouTube are just guided meditations that relax the body and contemplate something *before* falling asleep.
GUILD_TEXT : bot-commands
marq_andrew: /bumpbots
GUILD_TEXT : bot-commands
Jalendu: Please wait another 12 minutes to bump DISBOARD :drool:
GUILD_TEXT : bot-commands
marq_andrew: !d bump
disboard bump by marq_andrew
GUILD_TEXT : bot-commands
DISBOARD: 
MessageEmbed {
  type: 'rich',
  title: 'DISBOARD: The Public Server List',
  description: '<@679465390841135126> Bump done! :thumbsup:\n' +
    'Check it out [on DISBOARD](https://disboard.org/server/827888294100074516).',
  url: 'https://disboard.org/',
  color: 2406327,
  timestamp: null,
  fields: [],
  thumbnail: null,
  image: {
    url: 'https://disboard.org/images/bot-command-image-bump.png',
    proxyURL: 'https://images-ext-1.discordapp.net/external/tAuRcs-FCy2M8OaTS9Ims62J1vrFiviahjBDtpZrrBs/https/disboard.org/images/bot-command-image-bump.png',
    height: 200,
    width: 800
  },
  video: null,
  author: null,
  provider: null,
  footer: null
}
Bump done! :thumbsup: success
successfully bumped
GUILD_TEXT : bot-commands
Jalendu: Thanks marq_andrew :heart_eyes:
:green_heart::green_heart::green_heart::purple_heart::purple_heart:
GUILD_TEXT : bot-commands
marq_andrew: hmmm
GUILD_TEXT : bot-commands
marq_andrew: /bbdump
Please wait another 136 minutes to bump DISBOARD :drool:
GUILD_TEXT : test_landing-zone
marq_andrew: /qo status
GUILD_TEXT : test_landing-zone
Jalendu: ```status of questions system
--------------------------

total questions     :    35
approved            :    35

asked               :     1 2.9%

current UTC time    : Fri, 15 Oct 2021 21:45:02 GMT
start time          : Thu, 14 Oct 2021 22:52:24 GMT
last time asked     : Fri, 15 Oct 2021 05:01:34 GMT
next question       : Fri, 22 Oct 2021 05:01:34 GMT
days to go          : 6.303150081018519```
GUILD_TEXT : system-messages
TwinkieBoy: 
role <@&851071523543973928> added to <@896871425942638662>
GUILD_TEXT : system-messages
Jalendu: 
MessageEmbed {
  type: 'rich',
  title: 'TwinkieBoy',
  description: null,
  url: null,
  color: 65535,
  timestamp: null,
  fields: [],
  thumbnail: null,
  image: {
    url: 'https://cdn.discordapp.com/avatars/896871425942638662/fab72d0e590427ddf1cf50bf7e767f7e.png?size=2048',
    proxyURL: 'https://images-ext-2.discordapp.net/external/4QpdlbG9oRY9IomL9fG2rUQtX2TKrDokWYOlkZ8BrY8/%3Fsize%3D2048/https/cdn.discordapp.com/avatars/896871425942638662/fab72d0e590427ddf1cf50bf7e767f7e.png',
    height: 0,
    width: 0
  },
  video: null,
  author: null,
  provider: null,
  footer: null
}
GUILD_TEXT : system-messages
Carl-bot Logging: 
MessageEmbed {
  type: 'rich',
  title: 'Member joined',
  description: '<@896871425942638662> 151st to join\n' +
    'created 5 days, 22 minutes and 9 seconds ago',
  url: null,
  color: 5496236,
  timestamp: 1634334539924,
  fields: [],
  thumbnail: null,
  image: null,
  video: null,
  author: {
    name: 'TwinkieBoy#6709',
    url: undefined,
    iconURL: 'https://cdn.discordapp.com/avatars/896871425942638662/fab72d0e590427ddf1cf50bf7e767f7e.webp?size=1024',
    proxyIconURL: 'https://images-ext-1.discordapp.net/external/vQhA8gH4AJSIL5bLatAw7fuvUGCB3JbHZBEjB5kFf-w/%3Fsize%3D1024/https/cdn.discordapp.com/avatars/896871425942638662/fab72d0e590427ddf1cf50bf7e767f7e.webp'
  },
  provider: null,
  footer: {
    text: 'ID: 896871425942638662',
    iconURL: undefined,
    proxyIconURL: undefined
  }
}
member undefined!
qotd countdown days 6.296618819444444
Please wait another 126 minutes to bump DISBOARD :drool:

__Newcomers reminder and exclusion.__

AbyssSolid --> reminded : 5.2 days.
Hanno --> reminded : 4.0 days.
mmmmm --> reminded : 3.4 days.
Ryft YT --> reminded : 3.8 days.
robert. --> reminded : 4.7 days.
TwinkieBoy --> waiting : 0.0 days.
Hendrick --> waiting : 1.4 days.

* Indicates that the member wrote a message in #landing-zone.
+ Indicates that the member is muted.
# Indicates that the member was previously a verified member.
__Landing zone message cleanup__
Message by <@523463175216300042> "<@898166727710502942> hello! can you answer the ab"
- is from a moderator - check mentions:
Please wait another 116 minutes to bump DISBOARD :drool:
Please wait another 106 minutes to bump DISBOARD :drool:
qotd countdown days 6.275785451388889
Please wait another 96 minutes to bump DISBOARD :drool:
Please wait another 86 minutes to bump DISBOARD :drool:
Please wait another 76 minutes to bump DISBOARD :drool:
qotd countdown days 6.254952118055556
Please wait another 66 minutes to bump DISBOARD :drool:
Please wait another 56 minutes to bump DISBOARD :drool:
Please wait another 46 minutes to bump DISBOARD :drool:
qotd countdown days 6.234118738425926
Please wait another 36 minutes to bump DISBOARD :drool:
Please wait another 26 minutes to bump DISBOARD :drool:
Please wait another 16 minutes to bump DISBOARD :drool:
qotd countdown days 6.213285405092592

__Newcomers reminder and exclusion.__

AbyssSolid --> reminded : 5.3 days.
Hanno --> reminded : 4.1 days.
mmmmm --> reminded : 3.5 days.
Ryft YT --> reminded : 3.9 days.
robert. --> reminded : 4.8 days.
TwinkieBoy --> waiting : 0.1 days.
Hendrick --> waiting : 1.5 days.

* Indicates that the member wrote a message in #landing-zone.
+ Indicates that the member is muted.
# Indicates that the member was previously a verified member.
Please wait another 6 minutes to bump DISBOARD :drool:
__Landing zone message cleanup__
Message by <@523463175216300042> "<@898166727710502942> hello! can you answer the ab"
- is from a moderator - check mentions:
Time to bump DISBOARD (!d bump) :scream:
GUILD_TEXT : bot-commands
Jalendu: Time to bump DISBOARD (!d bump) :scream:
Please bump DISBOARD (!d bump). I've been waiting for the bump for 14 minutes :pleading_face:
GUILD_TEXT : chat-general
Meta-: evening
qotd countdown days 6.192451898148148
Please bump DISBOARD (!d bump). I've been waiting for the bump for 24 minutes :pleading_face:
Please bump DISBOARD (!d bump). I've been waiting for the bump for 34 minutes :pleading_face:
Please bump DISBOARD (!d bump). I've been waiting for the bump for 44 minutes :pleading_face:
qotd countdown days 6.171618564814815
Please bump DISBOARD (!d bump). I've been waiting for the bump for 54 minutes :pleading_face:
Please bump DISBOARD (!d bump). I've been waiting for the bump for 64 minutes :pleading_face:
Please bump DISBOARD (!d bump). I've been waiting for the bump for 74 minutes :pleading_face:
GUILD_TEXT : bot-commands
marq_andrew: !d bump
disboard bump by marq_andrew
GUILD_TEXT : bot-commands
DISBOARD: 
MessageEmbed {
  type: 'rich',
  title: 'DISBOARD: The Public Server List',
  description: '<@679465390841135126> Bump done! :thumbsup:\n' +
    'Check it out [on DISBOARD](https://disboard.org/server/827888294100074516).',
  url: 'https://disboard.org/',
  color: 2406327,
  timestamp: null,
  fields: [],
  thumbnail: null,
  image: {
    url: 'https://disboard.org/images/bot-command-image-bump.png',
    proxyURL: 'https://images-ext-1.discordapp.net/external/tAuRcs-FCy2M8OaTS9Ims62J1vrFiviahjBDtpZrrBs/https/disboard.org/images/bot-command-image-bump.png',
    height: 200,
    width: 800
  },
  video: null,
  author: null,
  provider: null,
  footer: null
}
Bump done! :thumbsup: success
successfully bumped
GUILD_TEXT : bot-commands
Jalendu: Thanks marq_andrew :kiss_mm:
:green_heart::green_heart::green_heart::purple_heart::purple_heart::purple_heart:
qotd countdown days 6.150785138888889
Please wait another 140 minutes to bump DISBOARD :drool:
Please wait another 130 minutes to bump DISBOARD :drool:
Please wait another 120 minutes to bump DISBOARD :drool:
qotd countdown days 6.129951805555556

__Newcomers reminder and exclusion.__

AbyssSolid --> reminded : 5.4 days.
Hanno --> reminded : 4.2 days.
mmmmm --> reminded : 3.6 days.
Ryft YT --> reminded : 4.0 days.
robert. --> reminded : 4.9 days.
TwinkieBoy --> waiting : 0.2 days.
Hendrick --> waiting : 1.6 days.

* Indicates that the member wrote a message in #landing-zone.
+ Indicates that the member is muted.
# Indicates that the member was previously a verified member.
Please wait another 110 minutes to bump DISBOARD :drool:
__Landing zone message cleanup__
Message by <@523463175216300042> "<@898166727710502942> hello! can you answer the ab"
- is from a moderator - check mentions:
Please wait another 100 minutes to bump DISBOARD :drool:
Please wait another 90 minutes to bump DISBOARD :drool:
qotd countdown days 6.109118333333333
Please wait another 80 minutes to bump DISBOARD :drool:
Please wait another 70 minutes to bump DISBOARD :drool:
Please wait another 60 minutes to bump DISBOARD :drool:
GUILD_TEXT : chat-general
RGfinpsy: Morning 🌞
qotd countdown days 6.088284988425926
Please wait another 50 minutes to bump DISBOARD :drool:
Please wait another 40 minutes to bump DISBOARD :drool:
Please wait another 30 minutes to bump DISBOARD :drool:
GUILD_TEXT : support-and-healing
Meta-: Just learned recently the couple-year-long cough I've been having is a chronic form of acid reflex and if I don't stick to a specific diet and ritual after eating, my throat will slowly change and I'll very possibly die of esophageal cancer later on, that's kinda scary
qotd countdown days 6.06745119212963
Please wait another 20 minutes to bump DISBOARD :drool:
Please wait another 10 minutes to bump DISBOARD :drool:
Time to bump DISBOARD (!d bump) :scream:
GUILD_TEXT : bot-commands
Jalendu: Time to bump DISBOARD (!d bump) :scream:

__Newcomers reminder and exclusion.__

AbyssSolid --> reminded : 5.5 days.
Hanno --> reminded : 4.3 days.
mmmmm --> reminded : 3.7 days.
Ryft YT --> reminded : 4.1 days.
robert. --> reminded : 4.9 days.
TwinkieBoy --> waiting : 0.3 days.
Hendrick --> waiting : 1.7 days.

* Indicates that the member wrote a message in #landing-zone.
+ Indicates that the member is muted.
# Indicates that the member was previously a verified member.
qotd countdown days 6.046617858796297
__Landing zone message cleanup__
Message by <@523463175216300042> "<@898166727710502942> hello! can you answer the ab"
- is from a moderator - check mentions:
Please bump DISBOARD (!d bump). I've been waiting for the bump for 10 minutes :pleading_face:
GUILD_TEXT : bot-commands
RGfinpsy: !d bump
disboard bump by RGfinpsy
GUILD_TEXT : bot-commands
DISBOARD: 
MessageEmbed {
  type: 'rich',
  title: 'DISBOARD: The Public Server List',
  description: '<@523463175216300042> Bump done! :thumbsup:\n' +
    'Check it out [on DISBOARD](https://disboard.org/server/827888294100074516).',
  url: 'https://disboard.org/',
  color: 2406327,
  timestamp: null,
  fields: [],
  thumbnail: null,
  image: {
    url: 'https://disboard.org/images/bot-command-image-bump.png',
    proxyURL: 'https://images-ext-1.discordapp.net/external/tAuRcs-FCy2M8OaTS9Ims62J1vrFiviahjBDtpZrrBs/https/disboard.org/images/bot-command-image-bump.png',
    height: 200,
    width: 800
  },
  video: null,
  author: null,
  provider: null,
  footer: null
}
Bump done! :thumbsup: success
successfully bumped
GUILD_TEXT : bot-commands
Jalendu: Thanks RGfinpsy :kiss:
:green_heart::green_heart::green_heart::blue_heart::blue_heart::purple_heart::purple_heart::purple_heart::purple_heart:
Please wait another 139 minutes to bump DISBOARD :drool:
GUILD_TEXT : system-messages
lucash: 
role <@&851071523543973928> added to <@877771990939865088>
GUILD_TEXT : system-messages
Jalendu: 
MessageEmbed {
  type: 'rich',
  title: 'lucash',
  description: null,
  url: null,
  color: 65535,
  timestamp: null,
  fields: [],
  thumbnail: null,
  image: {
    url: 'https://cdn.discordapp.com/avatars/877771990939865088/6cc527af7241ca5e5f5ab6d0b87355e3.png?size=2048',
    proxyURL: 'https://images-ext-2.discordapp.net/external/1KGrE_CfMsGZLlPpI0hoY22WYxlm7ASI932IsklE0kc/%3Fsize%3D2048/https/cdn.discordapp.com/avatars/877771990939865088/6cc527af7241ca5e5f5ab6d0b87355e3.png',
    height: 0,
    width: 0
  },
  video: null,
  author: null,
  provider: null,
  footer: null
}
GUILD_TEXT : system-messages
Carl-bot Logging: 
MessageEmbed {
  type: 'rich',
  title: 'Member joined',
  description: '<@877771990939865088> 152nd to join\n' +
    'created 1 month, 26 days and 23 hours ago',
  url: null,
  color: 5496236,
  timestamp: 1634357079265,
  fields: [],
  thumbnail: null,
  image: null,
  video: null,
  author: {
    name: 'lucash#0426',
    url: undefined,
    iconURL: 'https://cdn.discordapp.com/avatars/877771990939865088/6cc527af7241ca5e5f5ab6d0b87355e3.webp?size=1024',
    proxyIconURL: 'https://images-ext-1.discordapp.net/external/22qCLGHZiio_lVKvgQR8JBoJ6OlphdSdc8UdUHOfoI8/%3Fsize%3D1024/https/cdn.discordapp.com/avatars/877771990939865088/6cc527af7241ca5e5f5ab6d0b87355e3.webp'
  },
  provider: null,
  footer: {
    text: 'ID: 877771990939865088',
    iconURL: undefined,
    proxyIconURL: undefined
  }
}
member undefined!
GUILD_TEXT : support-and-healing
RGfinpsy: Sorry to hear this bud. Do you eat alot of greasy food stuff ?
cleanup: no messages found
GUILD_TEXT : system-messages
Carl-bot Logging: 
MessageEmbed {
  type: 'rich',
  title: 'Member left',
  description: '<@877771990939865088> joined 2 minutes and 24 seconds ago\n' +
    '**Roles:** <@&851071523543973928>',
  url: null,
  color: 16774575,
  timestamp: 1634357222650,
  fields: [],
  thumbnail: null,
  image: null,
  video: null,
  author: {
    name: 'lucash#0426',
    url: undefined,
    iconURL: 'https://cdn.discordapp.com/avatars/877771990939865088/6cc527af7241ca5e5f5ab6d0b87355e3.webp?size=1024',
    proxyIconURL: 'https://images-ext-1.discordapp.net/external/22qCLGHZiio_lVKvgQR8JBoJ6OlphdSdc8UdUHOfoI8/%3Fsize%3D1024/https/cdn.discordapp.com/avatars/877771990939865088/6cc527af7241ca5e5f5ab6d0b87355e3.webp'
  },
  provider: null,
  footer: {
    text: 'ID: 877771990939865088',
    iconURL: undefined,
    proxyIconURL: undefined
  }
}
member undefined!
GUILD_TEXT : support-and-healing
Meta-: I eat a variety of things, a variety of apparently harmful things for acid reflex, greasy food stuff included
GUILD_TEXT : support-and-healing
marq_andrew: Yes chronic acid reflux can cause a change in the cells called Barret's oesophagus but  don’t think it’s proven that it will lead to cancer. Did you start taking a pill called something-azole?
Please wait another 129 minutes to bump DISBOARD :drool:
GUILD_TEXT : support-and-healing
marq_andrew: I had the same problem and I had to start takiing pills for it.
GUILD_TEXT : support-and-healing
RGfinpsy: Since ive turned vegetarian/vegan my body feels so much better. No health issues whatsoever. 

Plus its very satisfactory that my food is sustainable and not depending on someone's death
qotd countdown days 6.025784456018519
Please wait another 119 minutes to bump DISBOARD :drool:
GUILD_TEXT : support-and-healing
RGfinpsy: Im like 90% vegan but sometimes i take some dairy so yeah thats 10% of me is vegetarian. 

But no animals
Please wait another 109 minutes to bump DISBOARD :drool:
Please wait another 99 minutes to bump DISBOARD :drool:
qotd countdown days 6.004951122685185
Please wait another 89 minutes to bump DISBOARD :drool:
GUILD_TEXT : video-channel-logging
Jalendu: ```Voice session in nsfw-nude-meditation-room has ended.
Member       Joined    Duration  Camera  %
nonmas#2648  04:37:36  23:16     23:10   99.59%```
GUILD_TEXT : video-channel-logging
Jalendu: ```Voice session in nsfw-other-room has ended.
Member       Joined    Duration  Camera  %
nonmas#2648  05:00:56  2:54      2:52    98.56%```
Please wait another 79 minutes to bump DISBOARD :drool:
Please wait another 69 minutes to bump DISBOARD :drool:
qotd countdown days 5.984117581018518
Please wait another 59 minutes to bump DISBOARD :drool:
Please wait another 49 minutes to bump DISBOARD :drool:
Please wait another 39 minutes to bump DISBOARD :drool:

__Newcomers reminder and exclusion.__

AbyssSolid --> reminded : 5.6 days.
Hanno --> reminded : 4.4 days.
mmmmm --> reminded : 3.8 days.
Ryft YT --> reminded : 4.2 days.
robert. --> reminded : 5.0 days.
TwinkieBoy --> waiting : 0.3 days.
Hendrick --> waiting : 1.8 days.

* Indicates that the member wrote a message in #landing-zone.
+ Indicates that the member is muted.
# Indicates that the member was previously a verified member.
qotd countdown days 5.963284247685185
cleanup: no messages found
Please wait another 29 minutes to bump DISBOARD :drool:
Please wait another 19 minutes to bump DISBOARD :drool:
Please wait another 9 minutes to bump DISBOARD :drool:
qotd countdown days 5.9424504976851855
Time to bump DISBOARD (!d bump) :scream:
GUILD_TEXT : bot-commands
Jalendu: Time to bump DISBOARD (!d bump) :scream:
GUILD_TEXT : bot-commands
RGfinpsy: !d bump
disboard bump by RGfinpsy
GUILD_TEXT : bot-commands
DISBOARD: 
MessageEmbed {
  type: 'rich',
  title: 'DISBOARD: The Public Server List',
  description: '<@523463175216300042> Bump done! :thumbsup:\n' +
    'Check it out [on DISBOARD](https://disboard.org/server/827888294100074516).',
  url: 'https://disboard.org/',
  color: 2406327,
  timestamp: null,
  fields: [],
  thumbnail: null,
  image: {
    url: 'https://disboard.org/images/bot-command-image-bump.png',
    proxyURL: 'https://images-ext-1.discordapp.net/external/tAuRcs-FCy2M8OaTS9Ims62J1vrFiviahjBDtpZrrBs/https/disboard.org/images/bot-command-image-bump.png',
    height: 200,
    width: 800
  },
  video: null,
  author: null,
  provider: null,
  footer: null
}
Bump done! :thumbsup: success
successfully bumped
GUILD_TEXT : bot-commands
Jalendu: Thanks RGfinpsy :smiling_face_with_3_hearts:
:green_heart::green_heart::green_heart::blue_heart::blue_heart::blue_heart:
GUILD_TEXT : system-messages
Bilou: 
role <@&851071523543973928> added to <@867054754060566589>
GUILD_TEXT : system-messages
Jalendu: 
MessageEmbed {
  type: 'rich',
  title: 'Bilou',
  description: null,
  url: null,
  color: 65535,
  timestamp: null,
  fields: [],
  thumbnail: null,
  image: {
    url: 'https://cdn.discordapp.com/embed/avatars/3.png',
    proxyURL: 'https://images-ext-2.discordapp.net/external/7kG8GvaAyFTW94FQsZCs8yiC3GDDqorEamYmQhePvI4/https/cdn.discordapp.com/embed/avatars/3.png',
    height: 256,
    width: 256
  },
  video: null,
  author: null,
  provider: null,
  footer: null
}
GUILD_TEXT : system-messages
Carl-bot Logging: 
MessageEmbed {
  type: 'rich',
  title: 'Member joined',
  description: '<@867054754060566589> 152nd to join\n' +
    'created 2 months, 25 days and 15 hours ago',
  url: null,
  color: 5496236,
  timestamp: 1634366040202,
  fields: [],
  thumbnail: null,
  image: null,
  video: null,
  author: {
    name: 'Bilou#3843',
    url: undefined,
    iconURL: 'https://cdn.discordapp.com/embed/avatars/3.png',
    proxyIconURL: 'https://images-ext-2.discordapp.net/external/7kG8GvaAyFTW94FQsZCs8yiC3GDDqorEamYmQhePvI4/https/cdn.discordapp.com/embed/avatars/3.png'
  },
  provider: null,
  footer: {
    text: 'ID: 867054754060566589',
    iconURL: undefined,
    proxyIconURL: undefined
  }
}
member undefined!
cleanup: no messages found
GUILD_TEXT : system-messages
Carl-bot Logging: 
MessageEmbed {
  type: 'rich',
  title: 'Member left',
  description: '<@867054754060566589> joined 19 seconds ago\n' +
    '**Roles:** <@&851071523543973928>',
  url: null,
  color: 16774575,
  timestamp: 1634366058709,
  fields: [],
  thumbnail: null,
  image: null,
  video: null,
  author: {
    name: 'Bilou#3843',
    url: undefined,
    iconURL: 'https://cdn.discordapp.com/embed/avatars/3.png',
    proxyIconURL: 'https://images-ext-2.discordapp.net/external/7kG8GvaAyFTW94FQsZCs8yiC3GDDqorEamYmQhePvI4/https/cdn.discordapp.com/embed/avatars/3.png'
  },
  provider: null,
  footer: {
    text: 'ID: 867054754060566589',
    iconURL: undefined,
    proxyIconURL: undefined
  }
}
member undefined!
Please wait another 131 minutes to bump DISBOARD :drool:
Please wait another 121 minutes to bump DISBOARD :drool:
qotd countdown days 5.9216171527777774
Please wait another 111 minutes to bump DISBOARD :drool:
Please wait another 101 minutes to bump DISBOARD :drool:
Please wait another 91 minutes to bump DISBOARD :drool:
GUILD_TEXT : system-messages
useless: 
role <@&851071523543973928> added to <@845464321860960266>
GUILD_TEXT : system-messages
Jalendu: 
MessageEmbed {
  type: 'rich',
  title: 'useless',
  description: null,
  url: null,
  color: 65535,
  timestamp: null,
  fields: [],
  thumbnail: null,
  image: {
    url: 'https://cdn.discordapp.com/avatars/845464321860960266/d6b123ec6d6c857e39c9692db62450cc.png?size=2048',
    proxyURL: 'https://images-ext-2.discordapp.net/external/yRH0QOaF-gwZioZXeeZx7BfdSggQz9T-UY7UzXZWpSY/%3Fsize%3D2048/https/cdn.discordapp.com/avatars/845464321860960266/d6b123ec6d6c857e39c9692db62450cc.png',
    height: 0,
    width: 0
  },
  video: null,
  author: null,
  provider: null,
  footer: null
}
GUILD_TEXT : system-messages
Carl-bot Logging: 
MessageEmbed {
  type: 'rich',
  title: 'Member joined',
  description: '<@845464321860960266> 152nd to join\n' +
    'created 4 months, 24 days and 6 hours ago',
  url: null,
  color: 5496236,
  timestamp: 1634368596195,
  fields: [],
  thumbnail: null,
  image: null,
  video: null,
  author: {
    name: 'useless#0531',
    url: undefined,
    iconURL: 'https://cdn.discordapp.com/avatars/845464321860960266/d6b123ec6d6c857e39c9692db62450cc.webp?size=1024',
    proxyIconURL: 'https://images-ext-2.discordapp.net/external/9aLnZJetk27uDwnxn5uS6nT22kGngRQfFWTZBVu134s/%3Fsize%3D1024/https/cdn.discordapp.com/avatars/845464321860960266/d6b123ec6d6c857e39c9692db62450cc.webp'
  },
  provider: null,
  footer: {
    text: 'ID: 845464321860960266',
    iconURL: undefined,
    proxyIconURL: undefined
  }
}
member undefined!
qotd countdown days 5.900783761574074
Please wait another 81 minutes to bump DISBOARD :drool:
Please wait another 71 minutes to bump DISBOARD :drool:
Please wait another 61 minutes to bump DISBOARD :drool:

__Newcomers reminder and exclusion.__

AbyssSolid --> reminded : 5.7 days.
Hanno --> reminded : 4.4 days.
mmmmm --> reminded : 3.9 days.
useless --> waiting : 0.0 days.
Ryft YT --> reminded : 4.2 days.
robert. --> reminded : 5.1 days.
TwinkieBoy --> waiting : 0.4 days.
Hendrick --> waiting : 1.9 days.

* Indicates that the member wrote a message in #landing-zone.
+ Indicates that the member is muted.
# Indicates that the member was previously a verified member.
qotd countdown days 5.879950428240741
cleanup: no messages found
Please wait another 51 minutes to bump DISBOARD :drool:
Please wait another 41 minutes to bump DISBOARD :drool:
Please wait another 31 minutes to bump DISBOARD :drool:
qotd countdown days 5.859116909722222
Please wait another 21 minutes to bump DISBOARD :drool:
Please wait another 11 minutes to bump DISBOARD :drool:
Please wait another 1 minutes to bump DISBOARD :drool:
qotd countdown days 5.838283576388889
Time to bump DISBOARD (!d bump) :scream:
GUILD_TEXT : bot-commands
Jalendu: Time to bump DISBOARD (!d bump) :scream:
Please bump DISBOARD (!d bump). I've been waiting for the bump for 19 minutes :pleading_face:
Please bump DISBOARD (!d bump). I've been waiting for the bump for 29 minutes :pleading_face:
qotd countdown days 5.817450162037037
Please bump DISBOARD (!d bump). I've been waiting for the bump for 39 minutes :pleading_face:
Please bump DISBOARD (!d bump). I've been waiting for the bump for 49 minutes :pleading_face:
Please bump DISBOARD (!d bump). I've been waiting for the bump for 59 minutes :pleading_face:
GUILD_TEXT : bot-commands
marq_andrew: !d bump
disboard bump by marq_andrew
GUILD_TEXT : bot-commands
DISBOARD: 
MessageEmbed {
  type: 'rich',
  title: 'DISBOARD: The Public Server List',
  description: '<@679465390841135126> Bump done! :thumbsup:\n' +
    'Check it out [on DISBOARD](https://disboard.org/server/827888294100074516).',
  url: 'https://disboard.org/',
  color: 2406327,
  timestamp: null,
  fields: [],
  thumbnail: null,
  image: {
    url: 'https://disboard.org/images/bot-command-image-bump.png',
    proxyURL: 'https://images-ext-1.discordapp.net/external/tAuRcs-FCy2M8OaTS9Ims62J1vrFiviahjBDtpZrrBs/https/disboard.org/images/bot-command-image-bump.png',
    height: 200,
    width: 800
  },
  video: null,
  author: null,
  provider: null,
  footer: null
}
Bump done! :thumbsup: success
successfully bumped
GUILD_TEXT : bot-commands
Jalendu: Thanks marq_andrew :rainbow:
:green_heart::green_heart::green_heart::purple_heart::purple_heart::purple_heart::purple_heart:

__Newcomers reminder and exclusion.__

AbyssSolid --> reminded : 5.7 days.
Hanno --> reminded : 4.5 days.
mmmmm --> reminded : 3.9 days.
useless --> waiting : 0.1 days.
Ryft YT --> reminded : 4.3 days.
robert. --> reminded : 5.2 days.
TwinkieBoy --> waiting : 0.5 days.
Hendrick --> waiting : 1.9 days.

* Indicates that the member wrote a message in #landing-zone.
+ Indicates that the member is muted.
# Indicates that the member was previously a verified member.
cleanup: no messages found
qotd countdown days 5.796616828703704
Please wait another 139 minutes to bump DISBOARD :drool:
Please wait another 129 minutes to bump DISBOARD :drool:
Please wait another 119 minutes to bump DISBOARD :drool:
qotd countdown days 5.775783078703704
Please wait another 109 minutes to bump DISBOARD :drool:
Please wait another 99 minutes to bump DISBOARD :drool:
Please wait another 89 minutes to bump DISBOARD :drool:
GUILD_PUBLIC_THREAD : Nightly meditation in the nsfw-nude-meditation-room - Oct 16
Apollo: 
GUILD_TEXT : apollo-events
Apollo: Nightly meditation in the nsfw-nude-meditation-room - Oct 16
GUILD_PUBLIC_THREAD : Nightly meditation in the nsfw-nude-meditation-room - Oct 16
Apollo: 
MessageEmbed {
  type: 'rich',
  title: 'REMINDER: Event starting <t:1634382000:R>!',
  description: '[Nightly meditation in the nsfw-nude-meditation-room](https://discordapp.com/channels/827888294100074516/876984373705052190/898563577894543370)\n' +
    '<t:1634382000:F> - <t:1634383800:t>',
  url: null,
  color: 15844367,
  timestamp: null,
  fields: [],
  thumbnail: null,
  image: null,
  video: null,
  author: null,
  provider: null,
  footer: {
    text: 'Opt out of reminders with !reminders off',
    iconURL: undefined,
    proxyIconURL: undefined
  }
}
GUILD_TEXT : system-messages
queen twilight: 
role <@&851071523543973928> added to <@782568733754392579>
GUILD_TEXT : system-messages
Jalendu: 
MessageEmbed {
  type: 'rich',
  title: 'queen twilight',
  description: null,
  url: null,
  color: 65535,
  timestamp: null,
  fields: [],
  thumbnail: null,
  image: {
    url: 'https://cdn.discordapp.com/avatars/782568733754392579/20b02355db9e0c9a90d8da89aa460bcc.png?size=2048',
    proxyURL: 'https://images-ext-2.discordapp.net/external/IP-Xz5M0s4tJSOf1leB71Lwgl7fNRH0R73y-YE0qP1Q/%3Fsize%3D2048/https/cdn.discordapp.com/avatars/782568733754392579/20b02355db9e0c9a90d8da89aa460bcc.png',
    height: 0,
    width: 0
  },
  video: null,
  author: null,
  provider: null,
  footer: null
}
GUILD_TEXT : system-messages
Carl-bot Logging: 
MessageEmbed {
  type: 'rich',
  title: 'Member joined',
  description: '<@782568733754392579> 153rd to join\n' +
    'created 10 months, 16 days and 23 hours ago',
  url: null,
  color: 5496236,
  timestamp: 1634381547005,
  fields: [],
  thumbnail: null,
  image: null,
  video: null,
  author: {
    name: 'queen twilight#3204',
    url: undefined,
    iconURL: 'https://cdn.discordapp.com/avatars/782568733754392579/20b02355db9e0c9a90d8da89aa460bcc.webp?size=1024',
    proxyIconURL: 'https://images-ext-1.discordapp.net/external/S4q-i0bmCDPeOHAyUib0ukqz0VeP4vguOB2yrW8biyY/%3Fsize%3D1024/https/cdn.discordapp.com/avatars/782568733754392579/20b02355db9e0c9a90d8da89aa460bcc.webp'
  },
  provider: null,
  footer: {
    text: 'ID: 782568733754392579',
    iconURL: undefined,
    proxyIconURL: undefined
  }
}
member undefined!
GUILD_TEXT : system-messages
Carl-bot Logging: 
MessageEmbed {
  type: 'rich',
  title: 'Role added',
  description: '<@&851071523543973928>',
  url: null,
  color: 4359924,
  timestamp: 1634381547105,
  fields: [],
  thumbnail: null,
  image: null,
  video: null,
  author: {
    name: 'queen twilight#3204',
    url: undefined,
    iconURL: 'https://cdn.discordapp.com/avatars/782568733754392579/20b02355db9e0c9a90d8da89aa460bcc.webp?size=1024',
    proxyIconURL: 'https://images-ext-1.discordapp.net/external/S4q-i0bmCDPeOHAyUib0ukqz0VeP4vguOB2yrW8biyY/%3Fsize%3D1024/https/cdn.discordapp.com/avatars/782568733754392579/20b02355db9e0c9a90d8da89aa460bcc.webp'
  },
  provider: null,
  footer: {
    text: 'ID: 782568733754392579',
    iconURL: undefined,
    proxyIconURL: undefined
  }
}
member undefined!
cleanup: no messages found
GUILD_TEXT : system-messages
Carl-bot Logging: 
MessageEmbed {
  type: 'rich',
  title: 'Member left',
  description: '<@782568733754392579> joined 32 seconds ago\n' +
    '**Roles:** <@&851071523543973928>',
  url: null,
  color: 16774575,
  timestamp: 1634381578190,
  fields: [],
  thumbnail: null,
  image: null,
  video: null,
  author: {
    name: 'queen twilight#3204',
    url: undefined,
    iconURL: 'https://cdn.discordapp.com/avatars/782568733754392579/20b02355db9e0c9a90d8da89aa460bcc.webp?size=1024',
    proxyIconURL: 'https://images-ext-1.discordapp.net/external/S4q-i0bmCDPeOHAyUib0ukqz0VeP4vguOB2yrW8biyY/%3Fsize%3D1024/https/cdn.discordapp.com/avatars/782568733754392579/20b02355db9e0c9a90d8da89aa460bcc.webp'
  },
  provider: null,
  footer: {
    text: 'ID: 782568733754392579',
    iconURL: undefined,
    proxyIconURL: undefined
  }
}
member undefined!
qotd countdown days 5.754949745370371
Please wait another 79 minutes to bump DISBOARD :drool:
Please wait another 69 minutes to bump DISBOARD :drool:
Please wait another 59 minutes to bump DISBOARD :drool:
GUILD_TEXT : apollo-events
Apollo: 
MessageEmbed {
  type: 'rich',
  title: 'Silent Meditation in the Open Room',
  description: null,
  url: null,
  color: 15844367,
  timestamp: null,
  fields: [
    {
      value: '<t:1634467200:F> - <t:1634469600:t>\n' +
        '<:countdown:878391707727716413> <t:1634467200:R>',
      name: 'Time',
      inline: false
    },
    {
      value: '[Add to Google Calendar](http://www.google.com/calendar/event?action=TEMPLATE&text=Silent+Meditation+in+the+Open+Room&details=&location=&dates=20211017T104000Z/20211017T112000Z)',
      name: 'Links',
      inline: false
    },
    {
      value: '-',
      name: '<:accepted:713124484436983971> Accepted',
      inline: true
    },
    {
      value: '-',
      name: '<:declined:713124484688642068> Declined',
      inline: true
    },
    {
      value: '-',
      name: '<:tentative:713214962641666109> Tentative',
      inline: true
    }
  ],
  thumbnail: null,
  image: null,
  video: null,
  author: null,
  provider: null,
  footer: {
    text: 'Created by marq_andrew • Repeats daily',
    iconURL: undefined,
    proxyIconURL: undefined
  }
}
qotd countdown days 5.734116238425926
Please wait another 49 minutes to bump DISBOARD :drool:
Please wait another 39 minutes to bump DISBOARD :drool:
Please wait another 29 minutes to bump DISBOARD :drool:

__Newcomers reminder and exclusion.__

AbyssSolid --> reminded : 5.8 days.
Hanno --> reminded : 4.6 days.
mmmmm --> reminded : 4.0 days.
trash --> waiting : 0.2 days.
Ryft YT --> reminded : 4.4 days.
robert. --> reminded : 5.3 days.
TwinkieBoy --> waiting : 0.6 days.
Hendrick --> reminded : 2.0 days.

* Indicates that the member wrote a message in #landing-zone.
+ Indicates that the member is muted.
# Indicates that the member was previously a verified member.
cleanup: no messages found
qotd countdown days 5.713282881944444
GUILD_TEXT : system-messages
Jalendu: <@898166727710502942> has been reminded of the entry requirements (2 days after joining).
DM : undefined
Jalendu: __Welcome to Gay+ Men Meditating.__

To get full access, you must send a message mentioning @moderator in the #landing-zone channel or to a moderator directly. Please include:

**1. Something about yourself** e.g. your age, your country or anything you want to tell us.
**2. Your experience with meditation if any** (none is fine as long as your are interested).
**3. You reasons for wanting to join this group.**

We have strong entry requirements to keep the community safe and comfortable to express themselves and to exclude people who join casually or simply to troll. After 7 days from the time you joined, if you have not satisfied the entry requirements, you will be removed.
Please wait another 19 minutes to bump DISBOARD :drool:
role <@&877784942107578438> added to <@898166727710502942>
Please wait another 9 minutes to bump DISBOARD :drool:
