

*+*+*+*+*+*+*+*+*+*+*+*+*+*+*

RESTART 20211105-000057

*+*+*+*+*+*+*+*+*+*+*+*+*+*+*


973790cba04e
Ready!
bumpbots init
[
  'bumpbots',
  'bumpers',
  'qotd_activity',
  'qotds',
  'qotd_scores',
  'vcmon_sessions',
  'vcmon_usage'
]
Setting application command permissions on 888779192592896130 avatar
Setting application command permissions on 888779192592896131 joke
Setting application command permissions on 888779192592896132 define
Setting application command permissions on 888779192592896133 moderate
Setting application command permissions on 889643708650254346 readme

__Newcomers reminder and exclusion.__

ArdaT --> waiting : 1.4 days.
YupImHere --> reminded : 3.0 days.
NYCGeek --> reminded : 2.1 days.
alaen --> kicked : 7.0 days.

* Indicates that the member wrote a message in #landing-zone.
+ Indicates that the member is muted.
# Indicates that the member was previously a verified member.
qotd countdown days 5.252796990740741
role <@&877790440106123315> added to <@839827498912841758>
DISBOARD in sync (0 difference)
GUILD_TEXT : system-messages
Jalendu: <@839827498912841758> has been removed (7 days after joining).
cleanup: no messages found
cleanup: no messages found
GUILD_TEXT : system-messages
Carl-bot Logging: 
MessageEmbed {
  type: 'rich',
  title: 'Role added',
  description: '<@&877790440106123315>',
  url: null,
  color: 4359924,
  timestamp: 1636070462882,
  fields: [],
  thumbnail: null,
  image: null,
  video: null,
  author: {
    name: 'alaen#9516',
    url: undefined,
    iconURL: 'https://cdn.discordapp.com/avatars/839827498912841758/eea64a347ee53a5edcf1d2b2bcb54361.webp?size=1024',
    proxyIconURL: 'https://images-ext-2.discordapp.net/external/jc8fK2w02h9MQa_bfxKSV3kO_-ZviqSIXuveyEG1AYk/%3Fsize%3D1024/https/cdn.discordapp.com/avatars/839827498912841758/eea64a347ee53a5edcf1d2b2bcb54361.webp'
  },
  provider: null,
  footer: {
    text: 'ID: 839827498912841758',
    iconURL: undefined,
    proxyIconURL: undefined
  }
}
member undefined!


*+*+*+*+*+*+*+*+*+*+*+*+*+*+*

RESTART 20211105-021458

*+*+*+*+*+*+*+*+*+*+*+*+*+*+*


f9de37ec4f8d
Ready!
bumpbots init
[
  'bumpbots',
  'bumpers',
  'qotd_activity',
  'qotds',
  'qotd_scores',
  'vcmon_sessions',
  'vcmon_usage'
]
Setting application command permissions on 888779192592896130 avatar
Setting application command permissions on 888779192592896131 joke
Setting application command permissions on 888779192592896132 define
Setting application command permissions on 888779192592896133 moderate
Setting application command permissions on 889643708650254346 readme

__Newcomers reminder and exclusion.__

ArdaT --> waiting : 1.5 days.
YupImHere --> reminded : 3.1 days.
NYCGeek --> reminded : 2.2 days.

* Indicates that the member wrote a message in #landing-zone.
+ Indicates that the member is muted.
# Indicates that the member was previously a verified member.
qotd countdown days 5.159730023148148
DISBOARD in sync (0 difference)
cleanup: no messages found


*+*+*+*+*+*+*+*+*+*+*+*+*+*+*

RESTART 20211105-030710

*+*+*+*+*+*+*+*+*+*+*+*+*+*+*


c16f399fe8d8
Ready!
bumpbots init
[
  'bumpbots',
  'bumpers',
  'qotd_activity',
  'qotds',
  'qotd_scores',
  'vcmon_sessions',
  'vcmon_usage'
]
Setting application command permissions on 888779192592896130 avatar
Setting application command permissions on 888779192592896131 joke
Setting application command permissions on 888779192592896132 define
Setting application command permissions on 888779192592896133 moderate
Setting application command permissions on 889643708650254346 readme

__Newcomers reminder and exclusion.__

ArdaT --> waiting : 1.5 days.
YupImHere --> reminded : 3.1 days.
NYCGeek --> reminded : 2.3 days.

* Indicates that the member wrote a message in #landing-zone.
+ Indicates that the member is muted.
# Indicates that the member was previously a verified member.
qotd countdown days 5.123463726851852
cleanup: no messages found
DISBOARD in sync (0 difference)
Please bump DISBOARD (!d bump). I've been waiting for the bump for 525 minutes :pleading_face:
Please bump DISBOARD (!d bump). I've been waiting for the bump for 535 minutes :pleading_face:
Please bump DISBOARD (!d bump). I've been waiting for the bump for 545 minutes :pleading_face:
qotd countdown days 5.102630393518519
Please bump DISBOARD (!d bump). I've been waiting for the bump for 555 minutes :pleading_face:
Please bump DISBOARD (!d bump). I've been waiting for the bump for 565 minutes :pleading_face:


*+*+*+*+*+*+*+*+*+*+*+*+*+*+*

RESTART 20211105-041933

*+*+*+*+*+*+*+*+*+*+*+*+*+*+*


af25f5d30b2e
Ready!
bumpbots init
Setting application command permissions on 888779192592896130 avatar
Setting application command permissions on 888779192592896131 joke
Setting application command permissions on 888779192592896132 define
Setting application command permissions on 888779192592896133 moderate
Setting application command permissions on 889643708650254346 readme

__Newcomers reminder and exclusion.__

ArdaT --> waiting : 1.6 days.
YupImHere --> reminded : 3.2 days.
NYCGeek --> reminded : 2.3 days.

* Indicates that the member wrote a message in #landing-zone.
+ Indicates that the member is muted.
# Indicates that the member was previously a verified member.
qotd countdown days 5.073233981481481
[
  'bumpbots',
  'bumpers',
  'qotd_activity',
  'qotds',
  'qotd_scores',
  'vcmon_sessions',
  'vcmon_usage'
]
DISBOARD in sync (0 difference)
cleanup: no messages found
GUILD_TEXT : test_landing-zone
marq_andrew: /vcmon dump
Please bump DISBOARD (!d bump). I've been waiting for the bump for 597 minutes :pleading_face:
{
  '827991599304015922': {
    name: 'nsfw-nude-meditation-room',
    '2021-11-03T10:30:00.000Z': 33500,
    '2021-11-03T11:00:00.000Z': 3363575,
    '2021-11-03T15:30:00.000Z': 514924,
    '2021-11-04T10:30:00.000Z': 102969,
    '2021-11-04T11:00:00.000Z': 2674681,
    '2021-11-05T04:00:00.000Z': 784550,
    '2021-11-05T04:30:00.000Z': 415055
  },
  '827890804701003827': {
    name: 'open-meditation-room',
    '2021-11-03T17:00:00.000Z': 1377861,
    '2021-11-03T17:30:00.000Z': 2775296,
    '2021-11-04T17:00:00.000Z': 919536,
    '2021-11-04T17:30:00.000Z': 3048010,
    '2021-11-04T18:00:00.000Z': 134286
  },
  '878067342888808448': { name: 'open-yoga-room', '2021-11-04T05:30:00.000Z': 2003 }
}
GUILD_TEXT : video-channel-logging
Jalendu: ```Voice session in nsfw-nude-meditation-room has ended.
Member  Joined    Duration  Camera   %
nonmas  04:16:55  19:59     NaN:NaN  NaN%```
Please bump DISBOARD (!d bump). I've been waiting for the bump for 607 minutes :pleading_face:
{
  '827991599304015922': {
    name: 'nsfw-nude-meditation-room',
    '2021-11-03T10:30:00.000Z': 33500,
    '2021-11-03T11:00:00.000Z': 3363575,
    '2021-11-03T15:30:00.000Z': 514924,
    '2021-11-04T10:30:00.000Z': 102969,
    '2021-11-04T11:00:00.000Z': 2674681,
    '2021-11-05T04:00:00.000Z': 784550,
    '2021-11-05T04:30:00.000Z': 415055
  },
  '827890804701003827': {
    name: 'open-meditation-room',
    '2021-11-03T17:00:00.000Z': 1377861,
    '2021-11-03T17:30:00.000Z': 2775296,
    '2021-11-04T17:00:00.000Z': 919536,
    '2021-11-04T17:30:00.000Z': 3048010,
    '2021-11-04T18:00:00.000Z': 134286
  },
  '878067342888808448': { name: 'open-yoga-room', '2021-11-04T05:30:00.000Z': 2003 },
  '835771866064093184': { name: 'nsfw-other-room', '2021-11-05T04:30:00.000Z': 229542 }
}
GUILD_TEXT : video-channel-logging
Jalendu: ```Voice session in nsfw-other-room has ended.
Member  Joined    Duration  Camera  %
nonmas  04:36:59  3:49      3:47    98.96%```
Please bump DISBOARD (!d bump). I've been waiting for the bump for 617 minutes :pleading_face:
qotd countdown days 5.052400625
GUILD_TEXT : member-introductions
RGfinpsy: Welcome <@838737684875968562>
Please bump DISBOARD (!d bump). I've been waiting for the bump for 627 minutes :pleading_face:
Please bump DISBOARD (!d bump). I've been waiting for the bump for 637 minutes :pleading_face:
Please bump DISBOARD (!d bump). I've been waiting for the bump for 647 minutes :pleading_face:
qotd countdown days 5.031567291666667
Please bump DISBOARD (!d bump). I've been waiting for the bump for 657 minutes :pleading_face:
Please bump DISBOARD (!d bump). I've been waiting for the bump for 667 minutes :pleading_face:
Please bump DISBOARD (!d bump). I've been waiting for the bump for 677 minutes :pleading_face:
qotd countdown days 5.0107339467592595
Please bump DISBOARD (!d bump). I've been waiting for the bump for 687 minutes :pleading_face:
Please bump DISBOARD (!d bump). I've been waiting for the bump for 697 minutes :pleading_face:
Please bump DISBOARD (!d bump). I've been waiting for the bump for 707 minutes :pleading_face:

__Newcomers reminder and exclusion.__

ArdaT --> waiting : 1.7 days.
YupImHere --> reminded : 3.3 days.
NYCGeek --> reminded : 2.4 days.

* Indicates that the member wrote a message in #landing-zone.
+ Indicates that the member is muted.
# Indicates that the member was previously a verified member.
qotd countdown days 4.9899006018518515
cleanup: no messages found
Please bump DISBOARD (!d bump). I've been waiting for the bump for 717 minutes :pleading_face:
Please bump DISBOARD (!d bump). I've been waiting for the bump for 727 minutes :pleading_face:
Please bump DISBOARD (!d bump). I've been waiting for the bump for 737 minutes :pleading_face:
qotd countdown days 4.969067256944444
Please bump DISBOARD (!d bump). I've been waiting for the bump for 747 minutes :pleading_face:
Please bump DISBOARD (!d bump). I've been waiting for the bump for 757 minutes :pleading_face:
Please bump DISBOARD (!d bump). I've been waiting for the bump for 767 minutes :pleading_face:
qotd countdown days 4.948233923611111
Please bump DISBOARD (!d bump). I've been waiting for the bump for 777 minutes :pleading_face:
Please bump DISBOARD (!d bump). I've been waiting for the bump for 787 minutes :pleading_face:
Please bump DISBOARD (!d bump). I've been waiting for the bump for 797 minutes :pleading_face:
qotd countdown days 4.927400578703704
Please bump DISBOARD (!d bump). I've been waiting for the bump for 807 minutes :pleading_face:
Please bump DISBOARD (!d bump). I've been waiting for the bump for 817 minutes :pleading_face:

__Newcomers reminder and exclusion.__

ArdaT --> waiting : 1.7 days.
YupImHere --> reminded : 3.3 days.
NYCGeek --> reminded : 2.5 days.

* Indicates that the member wrote a message in #landing-zone.
+ Indicates that the member is muted.
# Indicates that the member was previously a verified member.
qotd countdown days 4.90656724537037
Please bump DISBOARD (!d bump). I've been waiting for the bump for 827 minutes :pleading_face:
cleanup: no messages found


*+*+*+*+*+*+*+*+*+*+*+*+*+*+*

RESTART 20211105-090528

*+*+*+*+*+*+*+*+*+*+*+*+*+*+*


4a967d073bb4
Ready!
bumpbots init
[
  'bumpbots',
  'bumpers',
  'qotd_activity',
  'qotds',
  'qotd_scores',
  'vcmon_sessions',
  'vcmon_usage'
]
Setting application command permissions on 888779192592896130 avatar
Setting application command permissions on 888779192592896131 joke
Setting application command permissions on 888779192592896132 define
Setting application command permissions on 888779192592896133 moderate
Setting application command permissions on 889643708650254346 readme

__Newcomers reminder and exclusion.__

ArdaT --> waiting : 1.8 days.
YupImHere --> reminded : 3.4 days.
NYCGeek --> reminded : 2.5 days.

* Indicates that the member wrote a message in #landing-zone.
+ Indicates that the member is muted.
# Indicates that the member was previously a verified member.
qotd countdown days 4.874656481481481
DISBOARD in sync (0 difference)
cleanup: no messages found
Please bump DISBOARD (!d bump). I've been waiting for the bump for 883 minutes :pleading_face:
Please bump DISBOARD (!d bump). I've been waiting for the bump for 893 minutes :pleading_face:
Please bump DISBOARD (!d bump). I've been waiting for the bump for 903 minutes :pleading_face:
qotd countdown days 4.853823252314815


*+*+*+*+*+*+*+*+*+*+*+*+*+*+*

RESTART 20211105-094548

*+*+*+*+*+*+*+*+*+*+*+*+*+*+*


4a967d073bb4
Ready!
bumpbots init
[
  'bumpbots',
  'bumpers',
  'qotd_activity',
  'qotds',
  'qotd_scores',
  'vcmon_sessions',
  'vcmon_usage'
]
Setting application command permissions on 888779192592896130 avatar
Setting application command permissions on 888779192592896131 joke
Setting application command permissions on 888779192592896132 define
Setting application command permissions on 888779192592896133 moderate
Setting application command permissions on 889643708650254346 readme

__Newcomers reminder and exclusion.__

ArdaT --> waiting : 1.8 days.
YupImHere --> reminded : 3.4 days.
NYCGeek --> reminded : 2.5 days.

* Indicates that the member wrote a message in #landing-zone.
+ Indicates that the member is muted.
# Indicates that the member was previously a verified member.
qotd countdown days 4.846650173611111
cleanup: no messages found
DISBOARD in sync (0 difference)
bye bye


*+*+*+*+*+*+*+*+*+*+*+*+*+*+*

RESTART 20211105-094755

*+*+*+*+*+*+*+*+*+*+*+*+*+*+*


4a967d073bb4
Ready!
bumpbots init
Setting application command permissions on 888779192592896130 avatar
Setting application command permissions on 888779192592896131 joke
Setting application command permissions on 888779192592896132 define
Setting application command permissions on 888779192592896133 moderate
Setting application command permissions on 889643708650254346 readme

__Newcomers reminder and exclusion.__

ArdaT --> waiting : 1.8 days.
YupImHere --> reminded : 3.4 days.
NYCGeek --> reminded : 2.5 days.

* Indicates that the member wrote a message in #landing-zone.
+ Indicates that the member is muted.
# Indicates that the member was previously a verified member.
qotd countdown days 4.8451847453703705
[
  'bumpbots',
  'bumpers',
  'qotd_activity',
  'qotds',
  'qotd_scores',
  'vcmon_sessions',
  'vcmon_usage'
]
cleanup: no messages found
DISBOARD in sync (0 difference)


*+*+*+*+*+*+*+*+*+*+*+*+*+*+*

RESTART 20211105-095331

*+*+*+*+*+*+*+*+*+*+*+*+*+*+*


4a967d073bb4
Ready!
bumpbots init
[
  'bumpbots',
  'bumpers',
  'qotd_activity',
  'qotds',
  'qotd_scores',
  'vcmon_sessions',
  'vcmon_usage'
]
Setting application command permissions on 888779192592896130 avatar
Setting application command permissions on 888779192592896131 joke
Setting application command permissions on 888779192592896132 define
Setting application command permissions on 888779192592896133 moderate
Setting application command permissions on 889643708650254346 readme

__Newcomers reminder and exclusion.__

ArdaT --> waiting : 1.8 days.
YupImHere --> reminded : 3.4 days.
NYCGeek --> reminded : 2.5 days.

* Indicates that the member wrote a message in #landing-zone.
+ Indicates that the member is muted.
# Indicates that the member was previously a verified member.
qotd countdown days 4.841285752314815
DISBOARD in sync (0 difference)
cleanup: no messages found
GUILD_TEXT : qotw
marq_andrew: Sadly I think it's everywhere. On one hand there are groups (like this one) that bring together people with common interests but the algorithms on Twitter, FB etc. that might have originally been intended to do that have become something very dark and destructive.
Please bump DISBOARD (!d bump). I've been waiting for the bump for 931 minutes :pleading_face:
Please bump DISBOARD (!d bump). I've been waiting for the bump for 941 minutes :pleading_face:
GUILD_TEXT : sitting-times
Carlos RH: Whoa that is amazing❣ thank u, <@679465390841135126>
Please bump DISBOARD (!d bump). I've been waiting for the bump for 951 minutes :pleading_face:
qotd countdown days 4.820452418981482
Please bump DISBOARD (!d bump). I've been waiting for the bump for 961 minutes :pleading_face:
