

*+*+*+*+*+*+*+*+*+*+*+*+*+*+*

RESTART 20211021-031257

*+*+*+*+*+*+*+*+*+*+*+*+*+*+*


Ready!
[ 'bumpbots', 'bumpers', 'qotd_activity', 'qotds', 'qotd_scores' ]
Setting application command permissions on 888779192592896130 avatar
Setting application command permissions on 888779192592896131 joke
Setting application command permissions on 888779192592896132 define
Setting application command permissions on 888779192592896133 moderate
Setting application command permissions on 889643708650254346 readme
qotd countdown days 6.110181666666667
DISBOARD in sync (0 difference)

__Newcomers reminder and exclusion.__

Ghostdog --> waiting : 0.2 days.
moonman5 --> reminded : 2.9 days.
TwinkieBoy --> reminded : 5.2 days.
Hendrick --> reminded : 6.7 days.

* Indicates that the member wrote a message in #landing-zone.
+ Indicates that the member is muted.
# Indicates that the member was previously a verified member.
cleanup: no messages found
Please wait another 95 minutes to bump DISBOARD :drool:
Please wait another 85 minutes to bump DISBOARD :drool:
Please wait another 75 minutes to bump DISBOARD :drool:
qotd countdown days 6.089348333333334
Please wait another 65 minutes to bump DISBOARD :drool:
GUILD_TEXT : bot-commands
RGfinpsy: !d bump
disboard bump by RGfinpsy
GUILD_TEXT : bot-commands
DISBOARD: 
MessageEmbed {
  type: 'rich',
  title: 'DISBOARD: The Public Server List',
  description: '<@523463175216300042> Please wait another 60 minutes until the server can be bumped',
  url: 'https://disboard.org/',
  color: 15420513,
  timestamp: null,
  fields: [],
  thumbnail: {
    url: 'https://disboard.org/images/bot-command-image-thumbnail-error.png',
    proxyURL: 'https://images-ext-1.discordapp.net/external/-N8TZVFTnkSYClu_Kbvb8KXNn2TvUgyUwLyBYkC7VGg/https/disboard.org/images/bot-command-image-thumbnail-error.png',
    height: 300,
    width: 300
  },
  image: null,
  video: null,
  author: null,
  provider: null,
  footer: null
}
Please wait another failure
60.43398333333334
Please wait another 55 minutes to bump DISBOARD :drool:
Please wait another 45 minutes to bump DISBOARD :drool:
qotd countdown days 6.068515
GUILD_TEXT : video-channel-logging
Jalendu: ```Voice session in nsfw-nude-meditation-room has ended.
Member       Joined    Duration  Camera  %
nonmas#2648  04:00:41  16:31     16:27   99.58%```
Please wait another 35 minutes to bump DISBOARD :drool:
GUILD_TEXT : video-channel-logging
Jalendu: ```Voice session in nsfw-other-room has ended.
Member       Joined    Duration  Camera  %
nonmas#2648  04:17:15  6:46      6:45    99.64%```
Please wait another 25 minutes to bump DISBOARD :drool:
Please wait another 15 minutes to bump DISBOARD :drool:
qotd countdown days 6.047681666666667
Please wait another 5 minutes to bump DISBOARD :drool:
Time to bump DISBOARD (!d bump) :scream:
GUILD_TEXT : bot-commands
Jalendu: Time to bump DISBOARD (!d bump) :scream:
Please bump DISBOARD (!d bump). I've been waiting for the bump for 15 minutes :pleading_face:
qotd countdown days 6.026848321759259

__Newcomers reminder and exclusion.__

Ghostdog --> waiting : 0.3 days.
moonman5 --> reminded : 3.0 days.
TwinkieBoy --> reminded : 5.3 days.
Hendrick --> reminded : 6.7 days.

* Indicates that the member wrote a message in #landing-zone.
+ Indicates that the member is muted.
# Indicates that the member was previously a verified member.
cleanup: no messages found
GUILD_TEXT : bot-commands
marq_andrew: !d bump
disboard bump by marq_andrew
GUILD_TEXT : bot-commands
DISBOARD: 
MessageEmbed {
  type: 'rich',
  title: 'DISBOARD: The Public Server List',
  description: '<@679465390841135126> Bump done! :thumbsup:\n' +
    'Check it out [on DISBOARD](https://disboard.org/server/827888294100074516).',
  url: 'https://disboard.org/',
  color: 2406327,
  timestamp: null,
  fields: [],
  thumbnail: null,
  image: {
    url: 'https://disboard.org/images/bot-command-image-bump.png',
    proxyURL: 'https://images-ext-1.discordapp.net/external/tAuRcs-FCy2M8OaTS9Ims62J1vrFiviahjBDtpZrrBs/https/disboard.org/images/bot-command-image-bump.png',
    height: 200,
    width: 800
  },
  video: null,
  author: null,
  provider: null,
  footer: null
}
Bump done! :thumbsup: success
successfully bumped
GUILD_TEXT : bot-commands
Jalendu: Thanks marq_andrew :kiss:
:green_heart::green_heart::green_heart::blue_heart::blue_heart::blue_heart::blue_heart::purple_heart::purple_heart::purple_heart::purple_heart:
GUILD_TEXT : bot-commands
Thoron: !d bump
disboard bump by Thoron
GUILD_TEXT : bot-commands
DISBOARD: 
MessageEmbed {
  type: 'rich',
  title: 'DISBOARD: The Public Server List',
  description: '<@392939068536782848> Please wait another 120 minutes until the server can be bumped',
  url: 'https://disboard.org/',
  color: 15420513,
  timestamp: null,
  fields: [],
  thumbnail: {
    url: 'https://disboard.org/images/bot-command-image-thumbnail-error.png',
    proxyURL: 'https://images-ext-1.discordapp.net/external/-N8TZVFTnkSYClu_Kbvb8KXNn2TvUgyUwLyBYkC7VGg/https/disboard.org/images/bot-command-image-thumbnail-error.png',
    height: 300,
    width: 300
  },
  image: null,
  video: null,
  author: null,
  provider: null,
  footer: null
}
Please wait another failure
0.14128333333333334
GUILD_TEXT : bot-commands
Thoron: Haha, ninja'd
GUILD_TEXT : bot-commands
marq_andrew: ☺️
Please wait another 115 minutes to bump DISBOARD :drool:
Please wait another 105 minutes to bump DISBOARD :drool:
qotd countdown days 6.006014884259259
Please wait another 95 minutes to bump DISBOARD :drool:
Please wait another 85 minutes to bump DISBOARD :drool:
