

*+*+*+*+*+*+*+*+*+*+*+*+*+*+*

RESTART 20220401-002644

*+*+*+*+*+*+*+*+*+*+*+*+*+*+*


c1cde9e2937f
Ready!
bumpbots init
Setting application command permissions on 888779192592896130 avatar
Setting application command permissions on 888779192592896131 joke
Setting application command permissions on 888779192592896132 define
Setting application command permissions on 888779192592896133 moderate
Setting application command permissions on 889643708650254346 readme

__Newcomers reminder and exclusion.__

highlyclassified --> waiting : 1.3 days.
tg422 --> waiting : 2.0 days.
antbankks --> waiting : 0.1 days.
creampies33 --> reminded : 4.3 days.
RealisticPOV's --> reminded : 4.9 days.

* Indicates that the member wrote a message in #landing-zone.
+ Indicates that the member is muted.
# Indicates that the member was previously a verified member.
qotd countdown days 5.861866388888889
[
  'bumpbots',
  'bumpers',
  'qotd_activity',
  'qotds',
  'qotd_scores',
  'vcmon_sessions',
  'vcmon_usage'
]
cleanup: no messages found
DISBOARD in sync (0 difference)
Time to bump DISBOARD (!d bump) :scream:
GUILD_TEXT : bot-commands
Jalendu: Time to bump DISBOARD (!d bump) :scream:


*+*+*+*+*+*+*+*+*+*+*+*+*+*+*

RESTART 20220401-045300

*+*+*+*+*+*+*+*+*+*+*+*+*+*+*


8a88ea966d5f
Ready!
bumpbots init
[
  'bumpbots',
  'bumpers',
  'qotd_activity',
  'qotds',
  'qotd_scores',
  'vcmon_sessions',
  'vcmon_usage'
]
Setting application command permissions on 888779192592896130 avatar
Setting application command permissions on 888779192592896131 joke
Setting application command permissions on 888779192592896132 define
Setting application command permissions on 888779192592896133 moderate
Setting application command permissions on 889643708650254346 readme

__Newcomers reminder and exclusion.__

highlyclassified --> waiting : 1.4 days.
tg422 --> reminded : 2.2 days.
antbankks --> waiting : 0.3 days.
creampies33 --> reminded : 4.5 days.
RealisticPOV's --> reminded : 5.1 days.

* Indicates that the member wrote a message in #landing-zone.
+ Indicates that the member is muted.
# Indicates that the member was previously a verified member.
qotd countdown days 5.676961111111111
DISBOARD out of sync (9436647 difference - trying to resync)
bumpbots: message.embeds[0] not found.
DISBOARD in sync (0 difference)
cleanup: no messages found
GUILD_TEXT : sitting-times
nonmas: In the nsfw nude meditation room now for 20 minutes <@&881813694420500520>.
Please bump DISBOARD (!d bump). I've been waiting for the bump for 279 minutes :pleading_face:
Please bump DISBOARD (!d bump). I've been waiting for the bump for 289 minutes :pleading_face:
GUILD_TEXT : photos-general
Cuddlemonster: ðŸ˜
{
  '827991599304015922': {
    name: 'nsfw-nude-meditation-room',
    '2022-02-09T06:30:00.000Z': 1293332,
    '2022-02-10T05:30:00.000Z': 802097,
    '2022-02-10T06:00:00.000Z': 1459545,
    '2022-02-10T13:00:00.000Z': 165601,
    '2022-02-10T15:30:00.000Z': 1221053,
    '2022-02-10T15:00:00.000Z': 78146,
    '2022-02-11T05:30:00.000Z': 991354,
    '2022-02-11T06:00:00.000Z': 549686,
    '2022-02-11T15:00:00.000Z': 11736,
    '2022-02-11T15:30:00.000Z': 1599502,
    '2022-02-12T05:30:00.000Z': 1425199,
    '2022-02-12T11:30:00.000Z': 896656,
    '2022-02-12T12:00:00.000Z': 989943,
    '2022-02-12T15:00:00.000Z': 12820,
    '2022-02-12T15:30:00.000Z': 1600909,
    '2022-02-12T16:00:00.000Z': 6643,
    '2022-02-13T06:30:00.000Z': 1045946,
    '2022-02-13T07:00:00.000Z': 186350,
    '2022-02-13T15:00:00.000Z': 1303925,
    '2022-02-13T15:30:00.000Z': 2852603,
    '2022-02-14T06:00:00.000Z': 1132316,
    '2022-02-14T06:30:00.000Z': 86355,
    '2022-02-15T05:30:00.000Z': 1488953,
    '2022-02-17T11:00:00.000Z': 1160515,
    '2022-02-17T11:30:00.000Z': 413175,
    '2022-02-17T15:00:00.000Z': 151977,
    '2022-02-17T15:30:00.000Z': 1563460,
    '2022-02-18T17:00:00.000Z': 860967,
    '2022-02-18T17:30:00.000Z': 948185,
    '2022-02-19T05:30:00.000Z': 1221771,
    '2022-02-19T11:00:00.000Z': 1726818,
    '2022-02-19T15:30:00.000Z': 1657000,
    '2022-02-19T16:00:00.000Z': 345811,
    '2022-02-20T05:30:00.000Z': 1081700,
    '2022-02-20T06:00:00.000Z': 307194,
    '2022-02-20T10:00:00.000Z': 1520265,
    '2022-02-20T10:30:00.000Z': 433217,
    '2022-02-20T15:30:00.000Z': 2211331,
    '2022-02-20T16:00:00.000Z': 66947,
    '2022-02-21T05:00:00.000Z': 1667463,
    '2022-02-21T05:30:00.000Z': 656000,
    '2022-02-21T15:00:00.000Z': 149368,
    '2022-02-21T15:30:00.000Z': 1651788,
    '2022-02-22T06:00:00.000Z': 1165952,
    '2022-02-22T06:30:00.000Z': 252512,
    '2022-02-22T15:30:00.000Z': 1275423,
    '2022-02-22T15:00:00.000Z': 252,
    '2022-02-22T16:00:00.000Z': 172696,
    '2022-02-22T16:30:00.000Z': 171430,
    '2022-02-23T05:30:00.000Z': 35732,
    '2022-02-23T06:00:00.000Z': 1205265,
    '2022-02-23T13:30:00.000Z': 884734,
    '2022-02-23T14:00:00.000Z': 809685,
    '2022-02-23T21:00:00.000Z': 1433825,
    '2022-02-23T21:30:00.000Z': 43067,
    '2022-02-24T05:30:00.000Z': 784515,
    '2022-02-24T06:00:00.000Z': 510605,
    '2022-02-24T15:00:00.000Z': 44837,
    '2022-02-24T15:30:00.000Z': 1512916,
    '2022-02-25T07:30:00.000Z': 148663,
    '2022-02-25T08:00:00.000Z': 1305148,
    '2022-02-25T19:00:00.000Z': 12952,
    '2022-02-25T19:30:00.000Z': 1626159,
    '2022-02-26T03:30:00.000Z': 355887,
    '2022-02-26T06:30:00.000Z': 350900,
    '2022-02-26T07:00:00.000Z': 1161076,
    '2022-02-26T12:30:00.000Z': 1349201,
    '2022-02-26T13:00:00.000Z': 136148,
    '2022-02-26T15:00:00.000Z': 108209,
    '2022-02-26T15:30:00.000Z': 1744845,
    '2022-02-26T19:30:00.000Z': 735820,
    '2022-02-26T20:00:00.000Z': 994941,
    '2022-02-27T06:30:00.000Z': 1412046,
    '2022-02-27T06:00:00.000Z': 878761,
    '2022-02-27T15:30:00.000Z': 159424,
    '2022-02-27T16:00:00.000Z': 1775476,
    '2022-02-28T06:30:00.000Z': 445834,
    '2022-02-28T07:00:00.000Z': 844108,
    '2022-02-28T14:30:00.000Z': 176094,
    '2022-02-28T15:00:00.000Z': 824548,
    '2022-03-01T07:00:00.000Z': 647839,
    '2022-03-01T07:30:00.000Z': 793145,
    '2022-03-01T12:00:00.000Z': 603600,
    '2022-03-01T11:30:00.000Z': 1559748,
    '2022-03-01T15:00:00.000Z': 35833,
    '2022-03-01T15:30:00.000Z': 1650702,
    '2022-03-01T22:30:00.000Z': 21891,
    '2022-03-02T05:30:00.000Z': 718665,
    '2022-03-02T06:00:00.000Z': 479513,
    '2022-03-02T20:00:00.000Z': 843736,
    '2022-03-02T20:30:00.000Z': 1246976,
    '2022-03-03T06:00:00.000Z': 1485810,
    '2022-03-03T10:30:00.000Z': 113341,
    '2022-03-03T11:00:00.000Z': 305380,
    '2022-03-03T15:00:00.000Z': 2121940,
    '2022-03-03T14:30:00.000Z': 73194,
    '2022-03-04T05:00:00.000Z': 675221,
    '2022-03-04T05:30:00.000Z': 804128,
    '2022-03-04T06:00:00.000Z': 340692,
    '2022-03-04T15:30:00.000Z': 1535374,
    '2022-03-05T07:30:00.000Z': 1488890,
    '2022-03-05T11:30:00.000Z': 1142884,
    '2022-03-05T12:00:00.000Z': 276145,
    '2022-03-05T15:30:00.000Z': 107557,
    '2022-03-05T16:00:00.000Z': 1721976,
    '2022-03-06T04:30:00.000Z': 584480,
    '2022-03-06T05:00:00.000Z': 655688,
    '2022-03-06T11:00:00.000Z': 1113495,
    '2022-03-06T11:30:00.000Z': 826868,
    '2022-03-06T12:30:00.000Z': 851544,
    '2022-03-06T13:00:00.000Z': 306168,
    '2022-03-07T05:30:00.000Z': 1056251,
    '2022-03-07T06:00:00.000Z': 1998006,
    '2022-03-07T13:00:00.000Z': 1904855,
    '2022-03-07T17:30:00.000Z': 5292975,
    '2022-03-07T18:00:00.000Z': 2329888,
    '2022-03-07T17:00:00.000Z': 454166,
    '2022-03-07T18:30:00.000Z': 1800000,
    '2022-03-07T19:00:00.000Z': 1799998,
    '2022-03-07T19:30:00.000Z': 1800000,
    '2022-03-07T20:00:00.000Z': 1799998,
    '2022-03-07T20:30:00.000Z': 1800000,
    '2022-03-07T21:00:00.000Z': 1799998,
    '2022-03-07T21:30:00.000Z': 1800000,
    '2022-03-07T22:00:00.000Z': 1799998,
    '2022-03-07T22:30:00.000Z': 1800000,
    '2022-03-07T23:00:00.000Z': 1799998,
    '2022-03-07T23:30:00.000Z': 1800000,
    '2022-03-08T00:00:00.000Z': 1799998,
    '2022-03-08T00:30:00.000Z': 1800000,
    '2022-03-08T01:00:00.000Z': 1799998,
    '2022-03-08T01:30:00.000Z': 1800000,
    '2022-03-08T02:00:00.000Z': 1799998,
    '2022-03-08T02:30:00.000Z': 1800000,
    '2022-03-08T03:00:00.000Z': 1799998,
    '2022-03-08T03:30:00.000Z': 1800000,
    '2022-03-08T04:00:00.000Z': 1799998,
    '2022-03-08T04:30:00.000Z': 1800000,
    '2022-03-08T05:00:00.000Z': 1799998,
    '2022-03-08T05:30:00.000Z': 1800000,
    '2022-03-08T06:00:00.000Z': 1799998,
    '2022-03-08T06:30:00.000Z': 1800000,
    '2022-03-08T07:00:00.000Z': 1799998,
    '2022-03-08T07:30:00.000Z': 1800000,
    '2022-03-08T08:00:00.000Z': 1799998,
    '2022-03-08T08:30:00.000Z': 1800000,
    '2022-03-08T09:00:00.000Z': 1799998,
    '2022-03-08T09:30:00.000Z': 1800000,
    '2022-03-08T10:00:00.000Z': 1799998,
    '2022-03-08T10:30:00.000Z': 1559612,
    '2022-03-08T15:00:00.000Z': 134682,
    '2022-03-08T15:30:00.000Z': 1783039,
    '2022-03-09T15:30:00.000Z': 884883,
    '2022-03-09T21:30:00.000Z': 493361,
    '2022-03-09T22:00:00.000Z': 552141,
    '2022-03-10T02:00:00.000Z': 151206,
    '2022-03-10T16:30:00.000Z': 1233305,
    '2022-03-10T17:00:00.000Z': 192244,
    '2022-03-12T15:00:00.000Z': 2242299,
    '2022-03-12T15:30:00.000Z': 1305307,
    '2022-03-13T10:30:00.000Z': 748096,
    '2022-03-13T17:30:00.000Z': 1227264,
    '2022-03-13T18:00:00.000Z': 322745,
    '2022-03-13T20:30:00.000Z': 32279,
    '2022-03-13T23:00:00.000Z': 7272,
    '2022-03-14T05:00:00.000Z': 821699,
    '2022-03-14T05:30:00.000Z': 437114,
    '2022-03-14T14:00:00.000Z': 25005,
    '2022-03-14T14:30:00.000Z': 1726941,
    '2022-03-15T14:00:00.000Z': 231011,
    '2022-03-15T14:30:00.000Z': 1021711,
    '2022-03-16T06:00:00.000Z': 1428642,
    '2022-03-16T14:00:00.000Z': 26579,
    '2022-03-16T14:30:00.000Z': 1560891,
    '2022-03-17T06:00:00.000Z': 163232,
    '2022-03-17T06:30:00.000Z': 731034,
    '2022-03-17T13:30:00.000Z': 251306,
    '2022-03-17T14:00:00.000Z': 636090,
    '2022-03-17T14:30:00.000Z': 1641861,
    '2022-03-18T07:00:00.000Z': 4499,
    '2022-03-18T07:30:00.000Z': 1173997,
    '2022-03-18T12:00:00.000Z': 707004,
    '2022-03-18T14:00:00.000Z': 204988,
    '2022-03-18T14:30:00.000Z': 1513664,
    '2022-03-19T06:30:00.000Z': 1183456,
    '2022-03-19T07:00:00.000Z': 799274,
    '2022-03-19T19:30:00.000Z': 57707,
    '2022-03-19T20:00:00.000Z': 1186342,
    '2022-03-20T11:00:00.000Z': 755112,
    '2022-03-20T14:30:00.000Z': 220484,
    '2022-03-20T15:00:00.000Z': 1146563,
    '2022-03-21T14:00:00.000Z': 27274,
    '2022-03-21T14:30:00.000Z': 1445704,
    '2022-03-22T14:30:00.000Z': 878163,
    '2022-03-22T15:00:00.000Z': 1035485,
    '2022-03-23T11:00:00.000Z': 731781,
    '2022-03-23T11:30:00.000Z': 528703,
    '2022-03-23T14:00:00.000Z': 97839,
    '2022-03-23T14:30:00.000Z': 1682201,
    '2022-03-24T14:30:00.000Z': 1803206,
    '2022-03-24T14:00:00.000Z': 77786,
    '2022-03-24T17:30:00.000Z': 2742,
    '2022-03-25T16:00:00.000Z': 40592,
    '2022-03-25T16:30:00.000Z': 1780206,
    '2022-03-26T20:30:00.000Z': 452545,
    '2022-03-26T21:00:00.000Z': 869037,
    '2022-03-27T03:30:00.000Z': 199721,
    '2022-03-27T14:30:00.000Z': 1704856,
    '2022-03-28T04:30:00.000Z': 566348,
    '2022-03-28T05:00:00.000Z': 836871,
    '2022-03-28T14:00:00.000Z': 52465,
    '2022-03-28T14:30:00.000Z': 1800000,
    '2022-03-28T15:00:00.000Z': 56151,
    '2022-03-29T03:30:00.000Z': 1638490,
    '2022-03-29T04:00:00.000Z': 925309,
    '2022-03-29T14:00:00.000Z': 64527,
    '2022-03-29T14:30:00.000Z': 1756369,
    '2022-03-30T06:00:00.000Z': 1642866,
    '2022-03-30T06:30:00.000Z': 159435,
    '2022-03-30T11:30:00.000Z': 819473,
    '2022-03-30T12:00:00.000Z': 1154981,
    '2022-03-30T14:30:00.000Z': 1676270,
    '2022-03-30T15:00:00.000Z': 31466,
    '2022-03-31T11:00:00.000Z': 1523999,
    '2022-03-31T10:30:00.000Z': 289319,
    '2022-03-31T14:30:00.000Z': 1760274,
    '2022-04-01T04:30:00.000Z': 162893,
    '2022-04-01T05:00:00.000Z': 1271806
  },
  '827890804701003827': {
    name: 'open-meditation-room',
    '2022-02-08T17:00:00.000Z': 1207983,
    '2022-02-08T17:30:00.000Z': 2899248,
    '2022-02-09T17:00:00.000Z': 1256210,
    '2022-02-09T17:30:00.000Z': 2927224,
    '2022-02-10T17:00:00.000Z': 457393,
    '2022-02-10T17:30:00.000Z': 3305913,
    '2022-02-10T18:00:00.000Z': 234660,
    '2022-02-11T17:00:00.000Z': 1773321,
    '2022-02-11T17:30:00.000Z': 1813743,
    '2022-02-12T17:00:00.000Z': 847923,
    '2022-02-12T17:30:00.000Z': 1800000,
    '2022-02-12T18:00:00.000Z': 67401,
    '2022-02-13T17:00:00.000Z': 406623,
    '2022-02-13T17:30:00.000Z': 1371577,
    '2022-02-14T17:00:00.000Z': 1275683,
    '2022-02-14T17:30:00.000Z': 2897485,
    '2022-02-14T18:00:00.000Z': 85294,
    '2022-02-15T17:00:00.000Z': 824039,
    '2022-02-15T17:30:00.000Z': 1800000,
    '2022-02-15T18:00:00.000Z': 86934,
    '2022-02-16T17:00:00.000Z': 528380,
    '2022-02-16T17:30:00.000Z': 2858917,
    '2022-02-17T17:00:00.000Z': 902070,
    '2022-02-17T17:30:00.000Z': 3105617,
    '2022-02-18T15:00:00.000Z': 450067,
    '2022-02-18T17:00:00.000Z': 1376047,
    '2022-02-18T17:30:00.000Z': 2834946,
    '2022-02-19T17:00:00.000Z': 831409,
    '2022-02-19T17:30:00.000Z': 1630230,
    '2022-02-20T16:00:00.000Z': 267917,
    '2022-02-20T17:00:00.000Z': 1675295,
    '2022-02-20T17:30:00.000Z': 2473501,
    '2022-02-21T17:00:00.000Z': 1269650,
    '2022-02-21T17:30:00.000Z': 3070227,
    '2022-02-22T17:00:00.000Z': 1363008,
    '2022-02-22T17:30:00.000Z': 2783298,
    '2022-02-23T17:30:00.000Z': 3474321,
    '2022-02-23T17:00:00.000Z': 1077200,
    '2022-02-23T18:00:00.000Z': 331,
    '2022-02-23T21:00:00.000Z': 326494,
    '2022-02-24T10:30:00.000Z': 1286675,
    '2022-02-24T11:00:00.000Z': 1254987,
    '2022-02-24T17:00:00.000Z': 339909,
    '2022-02-24T17:30:00.000Z': 1800000,
    '2022-02-24T18:00:00.000Z': 381664,
    '2022-02-25T17:30:00.000Z': 2441151,
    '2022-02-25T17:00:00.000Z': 945612,
    '2022-02-25T18:00:00.000Z': 27659,
    '2022-02-27T17:00:00.000Z': 1068797,
    '2022-02-27T17:30:00.000Z': 3247700,
    '2022-02-27T18:00:00.000Z': 272535,
    '2022-02-28T17:00:00.000Z': 2037968,
    '2022-02-28T17:30:00.000Z': 3242994,
    '2022-02-28T23:00:00.000Z': 2018512,
    '2022-02-28T18:00:00.000Z': 1799998,
    '2022-02-28T18:30:00.000Z': 1800000,
    '2022-02-28T19:00:00.000Z': 1799998,
    '2022-02-28T19:30:00.000Z': 1800000,
    '2022-02-28T20:00:00.000Z': 1799998,
    '2022-02-28T20:30:00.000Z': 1800000,
    '2022-02-28T21:00:00.000Z': 1799998,
    '2022-02-28T21:30:00.000Z': 1800000,
    '2022-02-28T22:00:00.000Z': 1799998,
    '2022-02-28T22:30:00.000Z': 1800000,
    '2022-02-28T23:30:00.000Z': 1800000,
    '2022-03-01T00:00:00.000Z': 1799998,
    '2022-03-01T00:30:00.000Z': 1800000,
    '2022-03-01T01:00:00.000Z': 1799998,
    '2022-03-01T01:30:00.000Z': 1800000,
    '2022-03-01T02:00:00.000Z': 1799998,
    '2022-03-01T02:30:00.000Z': 1800000,
    '2022-03-01T03:00:00.000Z': 1799998,
    '2022-03-01T03:30:00.000Z': 1800000,
    '2022-03-01T04:00:00.000Z': 1799998,
    '2022-03-01T04:30:00.000Z': 1800000,
    '2022-03-01T05:00:00.000Z': 1799998,
    '2022-03-01T05:30:00.000Z': 1800000,
    '2022-03-01T06:00:00.000Z': 1799998,
    '2022-03-01T06:30:00.000Z': 1800000,
    '2022-03-01T07:00:00.000Z': 1799998,
    '2022-03-01T07:30:00.000Z': 1800000,
    '2022-03-01T08:00:00.000Z': 1799998,
    '2022-03-01T08:30:00.000Z': 1800000,
    '2022-03-01T09:00:00.000Z': 1799998,
    '2022-03-01T09:30:00.000Z': 1800000,
    '2022-03-01T10:00:00.000Z': 1799998,
    '2022-03-01T10:30:00.000Z': 1800000,
    '2022-03-01T11:00:00.000Z': 1799998,
    '2022-03-01T11:30:00.000Z': 236657,
    '2022-03-01T17:00:00.000Z': 748158,
    '2022-03-01T17:30:00.000Z': 1800000,
    '2022-03-01T18:00:00.000Z': 450007,
    '2022-03-02T17:00:00.000Z': 840529,
    '2022-03-02T17:30:00.000Z': 1800000,
    '2022-03-02T18:00:00.000Z': 111985,
    '2022-03-03T08:00:00.000Z': 572103,
    '2022-03-03T17:00:00.000Z': 637058,
    '2022-03-03T17:30:00.000Z': 1800000,
    '2022-03-03T18:00:00.000Z': 628817,
    '2022-03-04T17:00:00.000Z': 940137,
    '2022-03-04T17:30:00.000Z': 1800000,
    '2022-03-04T18:00:00.000Z': 351388,
    '2022-03-05T21:30:00.000Z': 258598,
    '2022-03-05T22:00:00.000Z': 1799998,
    '2022-03-05T22:30:00.000Z': 333970,
    '2022-03-06T17:00:00.000Z': 613601,
    '2022-03-06T17:30:00.000Z': 1800000,
    '2022-03-06T18:00:00.000Z': 500562,
    '2022-03-08T17:00:00.000Z': 968998,
    '2022-03-08T17:30:00.000Z': 1800000,
    '2022-03-08T18:00:00.000Z': 257319,
    '2022-03-09T17:00:00.000Z': 870880,
    '2022-03-09T17:30:00.000Z': 1621127,
    '2022-03-10T17:30:00.000Z': 1811129,
    '2022-03-10T17:00:00.000Z': 839870,
    '2022-03-10T18:00:00.000Z': 442000,
    '2022-03-11T17:30:00.000Z': 3207331,
    '2022-03-11T18:00:00.000Z': 597074,
    '2022-03-11T17:00:00.000Z': 304617,
    '2022-03-12T17:00:00.000Z': 152024,
    '2022-03-12T17:30:00.000Z': 1361923,
    '2022-03-13T17:00:00.000Z': 948597,
    '2022-03-13T17:30:00.000Z': 1800000,
    '2022-03-13T18:00:00.000Z': 313629,
    '2022-03-14T17:00:00.000Z': 198894,
    '2022-03-14T17:30:00.000Z': 1800000,
    '2022-03-14T18:00:00.000Z': 1083133,
    '2022-03-15T17:00:00.000Z': 1119160,
    '2022-03-15T17:30:00.000Z': 1449906,
    '2022-03-16T17:00:00.000Z': 1267097,
    '2022-03-16T17:30:00.000Z': 2902994,
    '2022-03-16T18:00:00.000Z': 48799,
    '2022-03-17T17:00:00.000Z': 930216,
    '2022-03-17T17:30:00.000Z': 766168,
    '2022-03-18T17:00:00.000Z': 864572,
    '2022-03-18T17:30:00.000Z': 1554873,
    '2022-03-19T17:00:00.000Z': 679507,
    '2022-03-19T17:30:00.000Z': 1552428,
    '2022-03-20T17:00:00.000Z': 404891,
    '2022-03-20T17:30:00.000Z': 1325569,
    '2022-03-21T17:00:00.000Z': 2906550,
    '2022-03-21T17:30:00.000Z': 3448911,
    '2022-03-22T17:00:00.000Z': 2275112,
    '2022-03-22T17:30:00.000Z': 3037866,
    '2022-03-21T18:00:00.000Z': 1799998,
    '2022-03-21T18:30:00.000Z': 1800000,
    '2022-03-21T19:00:00.000Z': 1799998,
    '2022-03-21T19:30:00.000Z': 1800000,
    '2022-03-21T20:00:00.000Z': 1799998,
    '2022-03-21T20:30:00.000Z': 1800000,
    '2022-03-21T21:00:00.000Z': 1799998,
    '2022-03-21T21:30:00.000Z': 1800000,
    '2022-03-21T22:00:00.000Z': 1799998,
    '2022-03-21T22:30:00.000Z': 1800000,
    '2022-03-21T23:00:00.000Z': 1799998,
    '2022-03-21T23:30:00.000Z': 1800000,
    '2022-03-22T00:00:00.000Z': 1799998,
    '2022-03-22T00:30:00.000Z': 1800000,
    '2022-03-22T01:00:00.000Z': 1799998,
    '2022-03-22T01:30:00.000Z': 1800000,
    '2022-03-22T02:00:00.000Z': 1799998,
    '2022-03-22T02:30:00.000Z': 1800000,
    '2022-03-22T03:00:00.000Z': 1799998,
    '2022-03-22T03:30:00.000Z': 1800000,
    '2022-03-22T04:00:00.000Z': 1799998,
    '2022-03-22T04:30:00.000Z': 1800000,
    '2022-03-22T05:00:00.000Z': 1799998,
    '2022-03-22T05:30:00.000Z': 1800000,
    '2022-03-22T06:00:00.000Z': 1799998,
    '2022-03-22T06:30:00.000Z': 1800000,
    '2022-03-22T07:00:00.000Z': 1799998,
    '2022-03-22T07:30:00.000Z': 1800000,
    '2022-03-22T08:00:00.000Z': 1799998,
    '2022-03-22T08:30:00.000Z': 1800000,
    '2022-03-22T09:00:00.000Z': 1799998,
    '2022-03-22T09:30:00.000Z': 1800000,
    '2022-03-22T10:00:00.000Z': 1799998,
    '2022-03-22T10:30:00.000Z': 1800000,
    '2022-03-22T11:00:00.000Z': 1799998,
    '2022-03-22T11:30:00.000Z': 1800000,
    '2022-03-22T12:00:00.000Z': 1799998,
    '2022-03-22T12:30:00.000Z': 1800000,
    '2022-03-22T13:00:00.000Z': 1799998,
    '2022-03-22T13:30:00.000Z': 1800000,
    '2022-03-22T14:00:00.000Z': 1799998,
    '2022-03-22T14:30:00.000Z': 1800000,
    '2022-03-22T15:00:00.000Z': 1799998,
    '2022-03-22T15:30:00.000Z': 1800000,
    '2022-03-22T16:00:00.000Z': 1799998,
    '2022-03-22T16:30:00.000Z': 1800000,
    '2022-03-22T18:00:00.000Z': 232851,
    '2022-03-23T17:00:00.000Z': 1201373,
    '2022-03-23T17:30:00.000Z': 2911680,
    '2022-03-23T18:00:00.000Z': 692446,
    '2022-03-23T20:00:00.000Z': 172559,
    '2022-03-24T17:30:00.000Z': 2752043,
    '2022-03-24T17:00:00.000Z': 129301,
    '2022-03-25T17:00:00.000Z': 1139268,
    '2022-03-25T17:30:00.000Z': 3124136,
    '2022-03-25T18:00:00.000Z': 221498,
    '2022-03-27T17:00:00.000Z': 883183,
    '2022-03-27T17:30:00.000Z': 902940,
    '2022-03-28T17:00:00.000Z': 1256848,
    '2022-03-28T17:30:00.000Z': 3022687,
    '2022-03-28T18:00:00.000Z': 149420,
    '2022-03-29T17:00:00.000Z': 2732917,
    '2022-03-29T17:30:00.000Z': 4856832,
    '2022-03-29T18:00:00.000Z': 1973768,
    '2022-03-30T17:00:00.000Z': 2327205,
    '2022-03-30T17:30:00.000Z': 2960963,
    '2022-03-29T18:30:00.000Z': 1800000,
    '2022-03-29T19:00:00.000Z': 1799998,
    '2022-03-29T19:30:00.000Z': 1800000,
    '2022-03-29T20:00:00.000Z': 1799998,
    '2022-03-29T20:30:00.000Z': 1800000,
    '2022-03-29T21:00:00.000Z': 1799998,
    '2022-03-29T21:30:00.000Z': 1800000,
    '2022-03-29T22:00:00.000Z': 1799998,
    '2022-03-29T22:30:00.000Z': 1800000,
    '2022-03-29T23:00:00.000Z': 1799998,
    '2022-03-29T23:30:00.000Z': 1800000,
    '2022-03-30T00:00:00.000Z': 1799998,
    '2022-03-30T00:30:00.000Z': 1800000,
    '2022-03-30T01:00:00.000Z': 1799998,
    '2022-03-30T01:30:00.000Z': 1800000,
    '2022-03-30T02:00:00.000Z': 1799998,
    '2022-03-30T02:30:00.000Z': 1800000,
    '2022-03-30T03:00:00.000Z': 1799998,
    '2022-03-30T03:30:00.000Z': 1800000,
    '2022-03-30T04:00:00.000Z': 1799998,
    '2022-03-30T04:30:00.000Z': 1800000,
    '2022-03-30T05:00:00.000Z': 1799998,
    '2022-03-30T05:30:00.000Z': 1800000,
    '2022-03-30T06:00:00.000Z': 1799998,
    '2022-03-30T06:30:00.000Z': 1800000,
    '2022-03-30T07:00:00.000Z': 1799998,
    '2022-03-30T07:30:00.000Z': 1800000,
    '2022-03-30T08:00:00.000Z': 1799998,
    '2022-03-30T08:30:00.000Z': 1800000,
    '2022-03-30T09:00:00.000Z': 1799998,
    '2022-03-30T09:30:00.000Z': 1800000,
    '2022-03-30T10:00:00.000Z': 1799998,
    '2022-03-30T10:30:00.000Z': 1800000,
    '2022-03-30T11:00:00.000Z': 1799998,
    '2022-03-30T11:30:00.000Z': 1800000,
    '2022-03-30T12:00:00.000Z': 1799998,
    '2022-03-30T12:30:00.000Z': 1800000,
    '2022-03-30T13:00:00.000Z': 1799998,
    '2022-03-30T13:30:00.000Z': 1800000,
    '2022-03-30T14:00:00.000Z': 1799998,
    '2022-03-30T14:30:00.000Z': 1800000,
    '2022-03-30T15:00:00.000Z': 1799998,
    '2022-03-30T15:30:00.000Z': 1800000,
    '2022-03-30T16:00:00.000Z': 1799998,
    '2022-03-30T16:30:00.000Z': 1800000,
    '2022-03-30T18:00:00.000Z': 490697,
    '2022-03-31T15:30:00.000Z': 629610,
    '2022-03-31T17:00:00.000Z': 167185,
    '2022-03-31T17:30:00.000Z': 1543266
  },
  '878067342888808448': {
    name: 'open-yoga-room',
    '2022-02-09T05:00:00.000Z': 2515,
    '2022-02-20T07:30:00.000Z': 18315,
    '2022-03-01T07:30:00.000Z': 21404,
    '2022-03-21T12:30:00.000Z': 2274,
    '2022-03-29T11:30:00.000Z': 2686
  },
  '835771866064093184': {
    name: 'nsfw-other-room',
    '2022-02-09T06:30:00.000Z': 11093,
    '2022-02-09T07:00:00.000Z': 126425,
    '2022-02-10T06:00:00.000Z': 165282,
    '2022-02-11T06:00:00.000Z': 2410686,
    '2022-02-12T06:00:00.000Z': 110971,
    '2022-02-13T07:00:00.000Z': 179347,
    '2022-02-14T06:30:00.000Z': 223346,
    '2022-02-15T10:30:00.000Z': 104531,
    '2022-02-15T11:30:00.000Z': 10214,
    '2022-02-15T17:30:00.000Z': 406865,
    '2022-02-16T20:30:00.000Z': 792934,
    '2022-02-17T11:30:00.000Z': 600053,
    '2022-02-19T05:30:00.000Z': 64932,
    '2022-02-19T06:00:00.000Z': 136795,
    '2022-02-20T06:00:00.000Z': 45343,
    '2022-02-20T16:00:00.000Z': 332564,
    '2022-02-20T16:30:00.000Z': 31697,
    '2022-02-21T05:30:00.000Z': 1638987,
    '2022-02-21T18:00:00.000Z': 145564,
    '2022-02-22T06:30:00.000Z': 507838,
    '2022-02-23T06:00:00.000Z': 590469,
    '2022-02-23T06:30:00.000Z': 243910,
    '2022-02-24T06:00:00.000Z': 465129,
    '2022-02-25T08:00:00.000Z': 199794,
    '2022-02-26T05:30:00.000Z': 27967,
    '2022-02-26T07:00:00.000Z': 122976,
    '2022-02-27T06:30:00.000Z': 958355,
    '2022-02-27T18:00:00.000Z': 208177,
    '2022-02-28T07:00:00.000Z': 188211,
    '2022-03-02T06:00:00.000Z': 208347,
    '2022-03-03T15:00:00.000Z': 247012,
    '2022-03-03T15:30:00.000Z': 49035,
    '2022-03-05T22:30:00.000Z': 13673,
    '2022-03-06T01:00:00.000Z': 367494,
    '2022-03-06T05:00:00.000Z': 369130,
    '2022-03-07T06:00:00.000Z': 488464,
    '2022-03-07T13:00:00.000Z': 49731,
    '2022-03-08T04:30:00.000Z': 502508,
    '2022-03-08T05:00:00.000Z': 261499,
    '2022-03-08T11:00:00.000Z': 1815,
    '2022-03-08T11:30:00.000Z': 451036,
    '2022-03-08T20:00:00.000Z': 437991,
    '2022-03-09T22:00:00.000Z': 717353,
    '2022-03-09T22:30:00.000Z': 114360,
    '2022-03-10T17:00:00.000Z': 71979,
    '2022-03-10T19:00:00.000Z': 292998,
    '2022-03-10T19:30:00.000Z': 318304,
    '2022-03-14T05:30:00.000Z': 285409,
    '2022-03-16T06:00:00.000Z': 115472,
    '2022-03-16T06:30:00.000Z': 729853,
    '2022-03-23T14:30:00.000Z': 145064,
    '2022-03-27T03:30:00.000Z': 254820,
    '2022-03-28T05:00:00.000Z': 176705,
    '2022-03-29T03:00:00.000Z': 43114,
    '2022-03-29T03:30:00.000Z': 187595,
    '2022-03-29T04:00:00.000Z': 683299,
    '2022-03-30T12:00:00.000Z': 270363,
    '2022-03-31T05:30:00.000Z': 384047
  },
  '827888294100074520': {
    name: 'hangout-room',
    '2022-02-09T05:30:00.000Z': 2325,
    '2022-02-11T15:00:00.000Z': 11710,
    '2022-02-16T06:30:00.000Z': 41480,
    '2022-02-16T20:30:00.000Z': 3692,
    '2022-03-13T23:00:00.000Z': 19507,
    '2022-03-17T15:00:00.000Z': 7610,
    '2022-03-20T17:30:00.000Z': 690772,
    '2022-03-23T14:30:00.000Z': 9610
  },
  '878067707889713193': {
    name: 'nsfw-nude-yoga-room',
    '2022-02-14T09:00:00.000Z': 901732,
    '2022-02-14T09:30:00.000Z': 221355,
    '2022-03-21T12:30:00.000Z': 1484,
    '2022-03-24T17:00:00.000Z': 6627
  },
  '879950904848179232': {
    name: 'test',
    '2022-02-16T21:00:00.000Z': 43966,
    '2022-02-17T11:30:00.000Z': 25968
  },
  '827993501920657479': {
    name: 'scheduled-meditation-room',
    '2022-03-05T13:00:00.000Z': 11379,
    '2022-03-21T12:30:00.000Z': 2160
  }
}
GUILD_TEXT : video-channel-logging
Jalendu: ```Voice session in nsfw-nude-meditation-room has ended.
Member  Joined    Duration  Camera  %
nonmas  04:57:17  23:54     23:54   100.00%```
Please bump DISBOARD (!d bump). I've been waiting for the bump for 299 minutes :pleading_face:
qotd countdown days 5.656127789351852
Please bump DISBOARD (!d bump). I've been waiting for the bump for 309 minutes :pleading_face:
GUILD_TEXT : bot-commands
DISBOARD: 
MessageEmbed {
  type: 'rich',
  title: 'DISBOARD: The Public Server List',
  description: 'Bump done! :thumbsup:\n' +
    'Check it out [on DISBOARD](https://disboard.org/server/827888294100074516).',
  url: 'https://disboard.org/',
  color: 2406327,
  timestamp: null,
  fields: [],
  thumbnail: null,
  image: {
    url: 'https://disboard.org/images/bot-command-image-bump.png',
    proxyURL: 'https://images-ext-1.discordapp.net/external/tAuRcs-FCy2M8OaTS9Ims62J1vrFiviahjBDtpZrrBs/https/disboard.org/images/bot-command-image-bump.png',
    height: 200,
    width: 800
  },
  video: null,
  author: null,
  provider: null,
  footer: null
}
Bump done! :thumbsup: success
successfully bumped
GUILD_TEXT : bot-commands
Jalendu: Thanks Space0x20 :heart_eyes:
:green_heart::green_heart::green_heart::purple_heart::purple_heart:


*+*+*+*+*+*+*+*+*+*+*+*+*+*+*

RESTART 20220401-054123

*+*+*+*+*+*+*+*+*+*+*+*+*+*+*


8a88ea966d5f
Ready!
bumpbots init
[
  'bumpbots',
  'bumpers',
  'qotd_activity',
  'qotds',
  'qotd_scores',
  'vcmon_sessions',
  'vcmon_usage'
]
Setting application command permissions on 888779192592896130 avatar
Setting application command permissions on 888779192592896131 joke
Setting application command permissions on 888779192592896132 define
Setting application command permissions on 888779192592896133 moderate
Setting application command permissions on 889643708650254346 readme

__Newcomers reminder and exclusion.__

highlyclassified --> waiting : 1.5 days.
tg422 --> reminded : 2.2 days.
antbankks --> waiting : 0.4 days.
creampies33 --> reminded : 4.5 days.
RealisticPOV's --> reminded : 5.1 days.

* Indicates that the member wrote a message in #landing-zone.
+ Indicates that the member is muted.
# Indicates that the member was previously a verified member.
qotd countdown days 5.64336207175926
DISBOARD in sync (0 difference)
cleanup: no messages found
