

*+*+*+*+*+*+*+*+*+*+*+*+*+*+*

RESTART 20220331-025707

*+*+*+*+*+*+*+*+*+*+*+*+*+*+*


1c1f880962dc
Ready!
bumpbots init
[
  'bumpbots',
  'bumpers',
  'qotd_activity',
  'qotds',
  'qotd_scores',
  'vcmon_sessions',
  'vcmon_usage'
]
Setting application command permissions on 888779192592896130 avatar
Setting application command permissions on 888779192592896131 joke
Setting application command permissions on 888779192592896132 define
Setting application command permissions on 888779192592896133 moderate
Setting application command permissions on 889643708650254346 readme

__Newcomers reminder and exclusion.__

Patiiii --> reminded : 3.2 days.
highlyclassified --> waiting : 0.4 days.
tg422 --> waiting : 1.1 days.
creampies33 --> reminded : 3.4 days.
RealisticPOV's --> reminded : 4.0 days.

* Indicates that the member wrote a message in #landing-zone.
+ Indicates that the member is muted.
# Indicates that the member was previously a verified member.
qotd countdown days 6.757432604166667
DISBOARD in sync (0 difference)
cleanup: no messages found
Please wait another 32 minutes to bump DISBOARD :drool:
Please wait another 22 minutes to bump DISBOARD :drool:
Please wait another 12 minutes to bump DISBOARD :drool:
qotd countdown days 6.736599282407408
Please wait another 2 minutes to bump DISBOARD :drool:
Time to bump DISBOARD (!d bump) :scream:
GUILD_TEXT : bot-commands
Jalendu: Time to bump DISBOARD (!d bump) :scream:


*+*+*+*+*+*+*+*+*+*+*+*+*+*+*

RESTART 20220331-045305

*+*+*+*+*+*+*+*+*+*+*+*+*+*+*


b91a004187a8
Ready!
bumpbots init
[
  'bumpbots',
  'bumpers',
  'qotd_activity',
  'qotds',
  'qotd_scores',
  'vcmon_sessions',
  'vcmon_usage'
]
Setting application command permissions on 888779192592896130 avatar
Setting application command permissions on 888779192592896131 joke
Setting application command permissions on 888779192592896132 define
Setting application command permissions on 888779192592896133 moderate
Setting application command permissions on 889643708650254346 readme

__Newcomers reminder and exclusion.__

Patiiii --> reminded : 3.3 days.
highlyclassified --> waiting : 0.4 days.
tg422 --> waiting : 1.2 days.
creampies33 --> reminded : 3.5 days.
RealisticPOV's --> reminded : 4.1 days.

* Indicates that the member wrote a message in #landing-zone.
+ Indicates that the member is muted.
# Indicates that the member was previously a verified member.
qotd countdown days 6.67689994212963
DISBOARD in sync (0 difference)
cleanup: no messages found
Please bump DISBOARD (!d bump). I've been waiting for the bump for 84 minutes :pleading_face:
Please bump DISBOARD (!d bump). I've been waiting for the bump for 94 minutes :pleading_face:
Please bump DISBOARD (!d bump). I've been waiting for the bump for 104 minutes :pleading_face:
qotd countdown days 6.656066712962963
Please bump DISBOARD (!d bump). I've been waiting for the bump for 114 minutes :pleading_face:
Please bump DISBOARD (!d bump). I've been waiting for the bump for 124 minutes :pleading_face:


*+*+*+*+*+*+*+*+*+*+*+*+*+*+*

RESTART 20220331-231110

*+*+*+*+*+*+*+*+*+*+*+*+*+*+*


3fe85ef99122
Ready!
bumpbots init
[
  'bumpbots',
  'bumpers',
  'qotd_activity',
  'qotds',
  'qotd_scores',
  'vcmon_sessions',
  'vcmon_usage'
]
Setting application command permissions on 888779192592896130 avatar
Setting application command permissions on 888779192592896131 joke
Setting application command permissions on 888779192592896132 define
Setting application command permissions on 888779192592896133 moderate
Setting application command permissions on 889643708650254346 readme

__Newcomers reminder and exclusion.__

highlyclassified --> waiting : 1.2 days.
tg422 --> waiting : 1.9 days.
antbankks --> waiting : 0.1 days.
creampies33 --> reminded : 4.2 days.
RealisticPOV's --> reminded : 4.9 days.

* Indicates that the member wrote a message in #landing-zone.
+ Indicates that the member is muted.
# Indicates that the member was previously a verified member.
qotd countdown days 5.91432724537037
DISBOARD in sync (0 difference)
cleanup: no messages found
Please wait another 63 minutes to bump DISBOARD :drool:
Please wait another 53 minutes to bump DISBOARD :drool:
Please wait another 43 minutes to bump DISBOARD :drool:
qotd countdown days 5.893493946759259
Please wait another 33 minutes to bump DISBOARD :drool:
